{"C:\\Users\\cbris\\Desktop\\Alura\\Projetos Alura\\BackEnd NodeJS\\BackEnd Node.JS-API-JWT\\api\\index.js": {"path":"C:\\Users\\cbris\\Desktop\\Alura\\Projetos Alura\\BackEnd NodeJS\\BackEnd Node.JS-API-JWT\\api\\index.js","statementMap":{"0":{"start":{"line":1,"column":16},"end":{"line":1,"column":34}},"1":{"start":{"line":2,"column":15},"end":{"line":2,"column":34}},"2":{"start":{"line":3,"column":24},"end":{"line":3,"column":63}},"3":{"start":{"line":4,"column":0},"end":{"line":4,"column":27}},"4":{"start":{"line":6,"column":12},"end":{"line":6,"column":21}},"5":{"start":{"line":7,"column":13},"end":{"line":7,"column":17}},"6":{"start":{"line":9,"column":0},"end":{"line":9,"column":12}},"7":{"start":{"line":11,"column":0},"end":{"line":11,"column":25}},"8":{"start":{"line":15,"column":0},"end":{"line":15,"column":21}}},"fnMap":{},"branchMap":{},"s":{"0":5,"1":5,"2":5,"3":5,"4":5,"5":5,"6":5,"7":5,"8":5},"f":{},"b":{},"_coverageSchema":"1a1c01bbd47fc00a2c39e90264f33305004495a9","hash":"e995123636857549230a4e652b65069808816370"}
,"C:\\Users\\cbris\\Desktop\\Alura\\Projetos Alura\\BackEnd NodeJS\\BackEnd Node.JS-API-JWT\\api\\Error\\BaseError.js": {"path":"C:\\Users\\cbris\\Desktop\\Alura\\Projetos Alura\\BackEnd NodeJS\\BackEnd Node.JS-API-JWT\\api\\Error\\BaseError.js","statementMap":{"0":{"start":{"line":3,"column":4},"end":{"line":3,"column":19}},"1":{"start":{"line":4,"column":4},"end":{"line":4,"column":21}},"2":{"start":{"line":5,"column":4},"end":{"line":5,"column":27}},"3":{"start":{"line":6,"column":4},"end":{"line":6,"column":38}},"4":{"start":{"line":7,"column":4},"end":{"line":7,"column":52}},"5":{"start":{"line":11,"column":0},"end":{"line":11,"column":27}}},"fnMap":{"0":{"name":"(anonymous_0)","decl":{"start":{"line":2,"column":2},"end":{"line":2,"column":3}},"loc":{"start":{"line":2,"column":45},"end":{"line":8,"column":3}},"line":2}},"branchMap":{"0":{"loc":{"start":{"line":2,"column":29},"end":{"line":2,"column":43}},"type":"default-arg","locations":[{"start":{"line":2,"column":39},"end":{"line":2,"column":43}}],"line":2}},"s":{"0":28,"1":28,"2":28,"3":28,"4":28,"5":12},"f":{"0":28},"b":{"0":[9]},"_coverageSchema":"1a1c01bbd47fc00a2c39e90264f33305004495a9","hash":"29705ddfd7ff826246007843935d111bd1d8d1d3"}
,"C:\\Users\\cbris\\Desktop\\Alura\\Projetos Alura\\BackEnd NodeJS\\BackEnd Node.JS-API-JWT\\api\\config\\constants.js": {"path":"C:\\Users\\cbris\\Desktop\\Alura\\Projetos Alura\\BackEnd NodeJS\\BackEnd Node.JS-API-JWT\\api\\config\\constants.js","statementMap":{"0":{"start":{"line":1,"column":0},"end":{"line":14,"column":2}}},"fnMap":{},"branchMap":{},"s":{"0":5},"f":{},"b":{},"_coverageSchema":"1a1c01bbd47fc00a2c39e90264f33305004495a9","hash":"87d8acf3f675e6cd651b4c3a3ca9a8f15f1f66d8"}
,"C:\\Users\\cbris\\Desktop\\Alura\\Projetos Alura\\BackEnd NodeJS\\BackEnd Node.JS-API-JWT\\api\\config\\sequelizeTesteConfig.js": {"path":"C:\\Users\\cbris\\Desktop\\Alura\\Projetos Alura\\BackEnd NodeJS\\BackEnd Node.JS-API-JWT\\api\\config\\sequelizeTesteConfig.js","statementMap":{"0":{"start":{"line":3,"column":22},"end":{"line":3,"column":42}},"1":{"start":{"line":4,"column":15},"end":{"line":4,"column":39}},"2":{"start":{"line":5,"column":0},"end":{"line":5,"column":27}},"3":{"start":{"line":7,"column":12},"end":{"line":7,"column":49}},"4":{"start":{"line":8,"column":17},"end":{"line":8,"column":28}},"5":{"start":{"line":10,"column":0},"end":{"line":10,"column":61}},"6":{"start":{"line":11,"column":0},"end":{"line":11,"column":65}},"7":{"start":{"line":12,"column":0},"end":{"line":12,"column":61}},"8":{"start":{"line":13,"column":0},"end":{"line":13,"column":53}},"9":{"start":{"line":14,"column":0},"end":{"line":14,"column":53}},"10":{"start":{"line":15,"column":0},"end":{"line":15,"column":62}},"11":{"start":{"line":17,"column":18},"end":{"line":17,"column":41}},"12":{"start":{"line":19,"column":0},"end":{"line":19,"column":27}}},"fnMap":{},"branchMap":{"0":{"loc":{"start":{"line":7,"column":12},"end":{"line":7,"column":49}},"type":"binary-expr","locations":[{"start":{"line":7,"column":12},"end":{"line":7,"column":32}},{"start":{"line":7,"column":36},"end":{"line":7,"column":49}}],"line":7},"1":{"loc":{"start":{"line":10,"column":20},"end":{"line":10,"column":60}},"type":"binary-expr","locations":[{"start":{"line":10,"column":20},"end":{"line":10,"column":39}},{"start":{"line":10,"column":43},"end":{"line":10,"column":60}}],"line":10},"2":{"loc":{"start":{"line":11,"column":20},"end":{"line":11,"column":64}},"type":"binary-expr","locations":[{"start":{"line":11,"column":20},"end":{"line":11,"column":43}},{"start":{"line":11,"column":47},"end":{"line":11,"column":64}}],"line":11},"3":{"loc":{"start":{"line":12,"column":20},"end":{"line":12,"column":60}},"type":"binary-expr","locations":[{"start":{"line":12,"column":20},"end":{"line":12,"column":39}},{"start":{"line":12,"column":43},"end":{"line":12,"column":60}}],"line":12},"4":{"loc":{"start":{"line":13,"column":16},"end":{"line":13,"column":52}},"type":"binary-expr","locations":[{"start":{"line":13,"column":16},"end":{"line":13,"column":35}},{"start":{"line":13,"column":39},"end":{"line":13,"column":52}}],"line":13},"5":{"loc":{"start":{"line":14,"column":16},"end":{"line":14,"column":52}},"type":"binary-expr","locations":[{"start":{"line":14,"column":16},"end":{"line":14,"column":35}},{"start":{"line":14,"column":39},"end":{"line":14,"column":52}}],"line":14},"6":{"loc":{"start":{"line":15,"column":19},"end":{"line":15,"column":61}},"type":"binary-expr","locations":[{"start":{"line":15,"column":19},"end":{"line":15,"column":41}},{"start":{"line":15,"column":45},"end":{"line":15,"column":61}}],"line":15}},"s":{"0":5,"1":5,"2":5,"3":5,"4":5,"5":5,"6":5,"7":5,"8":5,"9":5,"10":5,"11":5,"12":5},"f":{},"b":{"0":[5,0],"1":[5,5],"2":[5,5],"3":[5,5],"4":[5,5],"5":[5,5],"6":[5,5]},"_coverageSchema":"1a1c01bbd47fc00a2c39e90264f33305004495a9","hash":"7ae81b78483634bf9adb2e828eb05590711de0c1"}
,"C:\\Users\\cbris\\Desktop\\Alura\\Projetos Alura\\BackEnd NodeJS\\BackEnd Node.JS-API-JWT\\api\\controllers\\Controller.js": {"path":"C:\\Users\\cbris\\Desktop\\Alura\\Projetos Alura\\BackEnd NodeJS\\BackEnd Node.JS-API-JWT\\api\\controllers\\Controller.js","statementMap":{"0":{"start":{"line":3,"column":4},"end":{"line":3,"column":39}},"1":{"start":{"line":7,"column":4},"end":{"line":12,"column":5}},"2":{"start":{"line":8,"column":27},"end":{"line":8,"column":65}},"3":{"start":{"line":9,"column":6},"end":{"line":9,"column":48}},"4":{"start":{"line":11,"column":6},"end":{"line":11,"column":18}},"5":{"start":{"line":16,"column":19},"end":{"line":16,"column":29}},"6":{"start":{"line":17,"column":4},"end":{"line":22,"column":5}},"7":{"start":{"line":18,"column":23},"end":{"line":18,"column":63}},"8":{"start":{"line":19,"column":6},"end":{"line":19,"column":44}},"9":{"start":{"line":21,"column":6},"end":{"line":21,"column":18}},"10":{"start":{"line":26,"column":4},"end":{"line":31,"column":5}},"11":{"start":{"line":27,"column":23},"end":{"line":27,"column":67}},"12":{"start":{"line":28,"column":6},"end":{"line":28,"column":44}},"13":{"start":{"line":30,"column":6},"end":{"line":30,"column":18}},"14":{"start":{"line":35,"column":23},"end":{"line":35,"column":31}},"15":{"start":{"line":37,"column":4},"end":{"line":39,"column":5}},"16":{"start":{"line":38,"column":6},"end":{"line":38,"column":94}},"17":{"start":{"line":41,"column":4},"end":{"line":46,"column":5}},"18":{"start":{"line":42,"column":30},"end":{"line":42,"column":76}},"19":{"start":{"line":43,"column":6},"end":{"line":43,"column":51}},"20":{"start":{"line":45,"column":6},"end":{"line":45,"column":18}},"21":{"start":{"line":50,"column":19},"end":{"line":50,"column":29}},"22":{"start":{"line":51,"column":23},"end":{"line":51,"column":31}},"23":{"start":{"line":53,"column":4},"end":{"line":55,"column":5}},"24":{"start":{"line":54,"column":6},"end":{"line":54,"column":94}},"25":{"start":{"line":57,"column":4},"end":{"line":65,"column":5}},"26":{"start":{"line":58,"column":24},"end":{"line":58,"column":74}},"27":{"start":{"line":59,"column":6},"end":{"line":61,"column":7}},"28":{"start":{"line":60,"column":8},"end":{"line":60,"column":81}},"29":{"start":{"line":62,"column":6},"end":{"line":62,"column":83}},"30":{"start":{"line":64,"column":6},"end":{"line":64,"column":18}},"31":{"start":{"line":69,"column":19},"end":{"line":69,"column":29}},"32":{"start":{"line":70,"column":4},"end":{"line":77,"column":5}},"33":{"start":{"line":71,"column":25},"end":{"line":71,"column":61}},"34":{"start":{"line":72,"column":6},"end":{"line":74,"column":7}},"35":{"start":{"line":73,"column":8},"end":{"line":73,"column":38}},"36":{"start":{"line":76,"column":6},"end":{"line":76,"column":18}},"37":{"start":{"line":81,"column":0},"end":{"line":81,"column":28}}},"fnMap":{"0":{"name":"(anonymous_0)","decl":{"start":{"line":2,"column":2},"end":{"line":2,"column":3}},"loc":{"start":{"line":2,"column":29},"end":{"line":4,"column":3}},"line":2},"1":{"name":"(anonymous_1)","decl":{"start":{"line":6,"column":2},"end":{"line":6,"column":3}},"loc":{"start":{"line":6,"column":31},"end":{"line":13,"column":3}},"line":6},"2":{"name":"(anonymous_2)","decl":{"start":{"line":15,"column":2},"end":{"line":15,"column":3}},"loc":{"start":{"line":15,"column":35},"end":{"line":23,"column":3}},"line":15},"3":{"name":"(anonymous_3)","decl":{"start":{"line":25,"column":2},"end":{"line":25,"column":3}},"loc":{"start":{"line":25,"column":31},"end":{"line":32,"column":3}},"line":25},"4":{"name":"(anonymous_4)","decl":{"start":{"line":34,"column":2},"end":{"line":34,"column":3}},"loc":{"start":{"line":34,"column":39},"end":{"line":47,"column":3}},"line":34},"5":{"name":"(anonymous_5)","decl":{"start":{"line":49,"column":2},"end":{"line":49,"column":3}},"loc":{"start":{"line":49,"column":31},"end":{"line":66,"column":3}},"line":49},"6":{"name":"(anonymous_6)","decl":{"start":{"line":68,"column":2},"end":{"line":68,"column":3}},"loc":{"start":{"line":68,"column":39},"end":{"line":78,"column":3}},"line":68}},"branchMap":{"0":{"loc":{"start":{"line":37,"column":4},"end":{"line":39,"column":5}},"type":"if","locations":[{"start":{"line":37,"column":4},"end":{"line":39,"column":5}},{"start":{},"end":{}}],"line":37},"1":{"loc":{"start":{"line":37,"column":8},"end":{"line":37,"column":59}},"type":"binary-expr","locations":[{"start":{"line":37,"column":8},"end":{"line":37,"column":19}},{"start":{"line":37,"column":23},"end":{"line":37,"column":59}}],"line":37},"2":{"loc":{"start":{"line":53,"column":4},"end":{"line":55,"column":5}},"type":"if","locations":[{"start":{"line":53,"column":4},"end":{"line":55,"column":5}},{"start":{},"end":{}}],"line":53},"3":{"loc":{"start":{"line":53,"column":8},"end":{"line":53,"column":59}},"type":"binary-expr","locations":[{"start":{"line":53,"column":8},"end":{"line":53,"column":19}},{"start":{"line":53,"column":23},"end":{"line":53,"column":59}}],"line":53},"4":{"loc":{"start":{"line":59,"column":6},"end":{"line":61,"column":7}},"type":"if","locations":[{"start":{"line":59,"column":6},"end":{"line":61,"column":7}},{"start":{},"end":{}}],"line":59},"5":{"loc":{"start":{"line":72,"column":6},"end":{"line":74,"column":7}},"type":"if","locations":[{"start":{"line":72,"column":6},"end":{"line":74,"column":7}},{"start":{},"end":{}}],"line":72}},"s":{"0":26,"1":10,"2":10,"3":10,"4":0,"5":3,"6":3,"7":3,"8":3,"9":0,"10":0,"11":0,"12":0,"13":0,"14":11,"15":11,"16":0,"17":11,"18":11,"19":6,"20":5,"21":3,"22":3,"23":3,"24":0,"25":3,"26":3,"27":3,"28":0,"29":3,"30":0,"31":6,"32":6,"33":6,"34":6,"35":6,"36":0,"37":6},"f":{"0":26,"1":10,"2":3,"3":0,"4":11,"5":3,"6":6},"b":{"0":[0,11],"1":[11,11],"2":[0,3],"3":[3,3],"4":[0,3],"5":[6,0]},"_coverageSchema":"1a1c01bbd47fc00a2c39e90264f33305004495a9","hash":"6f2fb17af6e444f043eedc3ebd47980b3424646e"}
,"C:\\Users\\cbris\\Desktop\\Alura\\Projetos Alura\\BackEnd NodeJS\\BackEnd Node.JS-API-JWT\\api\\controllers\\authController.js": {"path":"C:\\Users\\cbris\\Desktop\\Alura\\Projetos Alura\\BackEnd NodeJS\\BackEnd Node.JS-API-JWT\\api\\controllers\\authController.js","statementMap":{"0":{"start":{"line":1,"column":20},"end":{"line":1,"column":54}},"1":{"start":{"line":3,"column":20},"end":{"line":3,"column":37}},"2":{"start":{"line":7,"column":4},"end":{"line":14,"column":5}},"3":{"start":{"line":8,"column":31},"end":{"line":8,"column":39}},"4":{"start":{"line":9,"column":20},"end":{"line":9,"column":61}},"5":{"start":{"line":11,"column":6},"end":{"line":11,"column":34}},"6":{"start":{"line":13,"column":6},"end":{"line":13,"column":18}},"7":{"start":{"line":18,"column":0},"end":{"line":18,"column":32}}},"fnMap":{"0":{"name":"(anonymous_0)","decl":{"start":{"line":6,"column":2},"end":{"line":6,"column":3}},"loc":{"start":{"line":6,"column":30},"end":{"line":15,"column":3}},"line":6}},"branchMap":{},"s":{"0":5,"1":5,"2":9,"3":9,"4":9,"5":6,"6":3,"7":5},"f":{"0":9},"b":{},"_coverageSchema":"1a1c01bbd47fc00a2c39e90264f33305004495a9","hash":"9a2374d7f4fc10d3160e14e5d6ea4ca339e9001b"}
,"C:\\Users\\cbris\\Desktop\\Alura\\Projetos Alura\\BackEnd NodeJS\\BackEnd Node.JS-API-JWT\\api\\controllers\\permissaoController.js": {"path":"C:\\Users\\cbris\\Desktop\\Alura\\Projetos Alura\\BackEnd NodeJS\\BackEnd Node.JS-API-JWT\\api\\controllers\\permissaoController.js","statementMap":{"0":{"start":{"line":1,"column":25},"end":{"line":1,"column":64}},"1":{"start":{"line":2,"column":19},"end":{"line":2,"column":42}},"2":{"start":{"line":4,"column":25},"end":{"line":4,"column":47}},"3":{"start":{"line":8,"column":4},"end":{"line":8,"column":28}},"4":{"start":{"line":12,"column":0},"end":{"line":12,"column":37}}},"fnMap":{"0":{"name":"(anonymous_0)","decl":{"start":{"line":7,"column":2},"end":{"line":7,"column":3}},"loc":{"start":{"line":7,"column":16},"end":{"line":9,"column":3}},"line":7}},"branchMap":{},"s":{"0":5,"1":5,"2":5,"3":5,"4":5},"f":{"0":5},"b":{},"_coverageSchema":"1a1c01bbd47fc00a2c39e90264f33305004495a9","hash":"13bda288ae179d7b0bd838b79ccca80d7695d94e"}
,"C:\\Users\\cbris\\Desktop\\Alura\\Projetos Alura\\BackEnd NodeJS\\BackEnd Node.JS-API-JWT\\api\\controllers\\produtoController.js": {"path":"C:\\Users\\cbris\\Desktop\\Alura\\Projetos Alura\\BackEnd NodeJS\\BackEnd Node.JS-API-JWT\\api\\controllers\\produtoController.js","statementMap":{"0":{"start":{"line":1,"column":23},"end":{"line":1,"column":60}},"1":{"start":{"line":2,"column":19},"end":{"line":2,"column":42}},"2":{"start":{"line":6,"column":4},"end":{"line":6,"column":32}},"3":{"start":{"line":10,"column":0},"end":{"line":10,"column":35}}},"fnMap":{"0":{"name":"(anonymous_0)","decl":{"start":{"line":5,"column":2},"end":{"line":5,"column":3}},"loc":{"start":{"line":5,"column":16},"end":{"line":7,"column":3}},"line":5}},"branchMap":{},"s":{"0":6,"1":6,"2":6,"3":6},"f":{"0":6},"b":{},"_coverageSchema":"1a1c01bbd47fc00a2c39e90264f33305004495a9","hash":"e699e338600d0de50af2a80bcde6969ae4290318"}
,"C:\\Users\\cbris\\Desktop\\Alura\\Projetos Alura\\BackEnd NodeJS\\BackEnd Node.JS-API-JWT\\api\\controllers\\roleController.js": {"path":"C:\\Users\\cbris\\Desktop\\Alura\\Projetos Alura\\BackEnd NodeJS\\BackEnd Node.JS-API-JWT\\api\\controllers\\roleController.js","statementMap":{"0":{"start":{"line":1,"column":19},"end":{"line":1,"column":42}},"1":{"start":{"line":2,"column":20},"end":{"line":2,"column":54}},"2":{"start":{"line":5,"column":4},"end":{"line":5,"column":29}},"3":{"start":{"line":9,"column":0},"end":{"line":9,"column":32}}},"fnMap":{"0":{"name":"(anonymous_0)","decl":{"start":{"line":4,"column":2},"end":{"line":4,"column":3}},"loc":{"start":{"line":4,"column":16},"end":{"line":6,"column":3}},"line":4}},"branchMap":{},"s":{"0":5,"1":5,"2":5,"3":5},"f":{"0":5},"b":{},"_coverageSchema":"1a1c01bbd47fc00a2c39e90264f33305004495a9","hash":"4ece0e172c38f2245203ea5335f375f8dbf87af8"}
,"C:\\Users\\cbris\\Desktop\\Alura\\Projetos Alura\\BackEnd NodeJS\\BackEnd Node.JS-API-JWT\\api\\controllers\\segurancaController.js": {"path":"C:\\Users\\cbris\\Desktop\\Alura\\Projetos Alura\\BackEnd NodeJS\\BackEnd Node.JS-API-JWT\\api\\controllers\\segurancaController.js","statementMap":{"0":{"start":{"line":1,"column":19},"end":{"line":1,"column":42}},"1":{"start":{"line":2,"column":25},"end":{"line":2,"column":64}},"2":{"start":{"line":4,"column":25},"end":{"line":4,"column":47}},"3":{"start":{"line":7,"column":4},"end":{"line":7,"column":28}},"4":{"start":{"line":11,"column":4},"end":{"line":19,"column":5}},"5":{"start":{"line":12,"column":36},"end":{"line":12,"column":44}},"6":{"start":{"line":13,"column":28},"end":{"line":13,"column":31}},"7":{"start":{"line":15,"column":18},"end":{"line":15,"column":87}},"8":{"start":{"line":16,"column":6},"end":{"line":16,"column":39}},"9":{"start":{"line":18,"column":6},"end":{"line":18,"column":18}},"10":{"start":{"line":23,"column":4},"end":{"line":30,"column":5}},"11":{"start":{"line":24,"column":37},"end":{"line":24,"column":45}},"12":{"start":{"line":26,"column":30},"end":{"line":26,"column":101}},"13":{"start":{"line":27,"column":6},"end":{"line":27,"column":51}},"14":{"start":{"line":29,"column":6},"end":{"line":29,"column":18}},"15":{"start":{"line":34,"column":0},"end":{"line":34,"column":37}}},"fnMap":{"0":{"name":"(anonymous_0)","decl":{"start":{"line":6,"column":2},"end":{"line":6,"column":3}},"loc":{"start":{"line":6,"column":16},"end":{"line":8,"column":3}},"line":6},"1":{"name":"(anonymous_1)","decl":{"start":{"line":10,"column":2},"end":{"line":10,"column":3}},"loc":{"start":{"line":10,"column":37},"end":{"line":20,"column":3}},"line":10},"2":{"name":"(anonymous_2)","decl":{"start":{"line":22,"column":2},"end":{"line":22,"column":3}},"loc":{"start":{"line":22,"column":49},"end":{"line":31,"column":3}},"line":22}},"branchMap":{},"s":{"0":5,"1":5,"2":5,"3":5,"4":0,"5":0,"6":0,"7":0,"8":0,"9":0,"10":0,"11":0,"12":0,"13":0,"14":0,"15":5},"f":{"0":5,"1":0,"2":0},"b":{},"_coverageSchema":"1a1c01bbd47fc00a2c39e90264f33305004495a9","hash":"a4226fbf0957c395cb413b402cd5734004982cb2"}
,"C:\\Users\\cbris\\Desktop\\Alura\\Projetos Alura\\BackEnd NodeJS\\BackEnd Node.JS-API-JWT\\api\\controllers\\usuarioController.js": {"path":"C:\\Users\\cbris\\Desktop\\Alura\\Projetos Alura\\BackEnd NodeJS\\BackEnd Node.JS-API-JWT\\api\\controllers\\usuarioController.js","statementMap":{"0":{"start":{"line":1,"column":23},"end":{"line":1,"column":60}},"1":{"start":{"line":2,"column":19},"end":{"line":2,"column":42}},"2":{"start":{"line":4,"column":23},"end":{"line":4,"column":43}},"3":{"start":{"line":8,"column":4},"end":{"line":8,"column":26}},"4":{"start":{"line":12,"column":0},"end":{"line":12,"column":35}}},"fnMap":{"0":{"name":"(anonymous_0)","decl":{"start":{"line":7,"column":2},"end":{"line":7,"column":3}},"loc":{"start":{"line":7,"column":16},"end":{"line":9,"column":3}},"line":7}},"branchMap":{},"s":{"0":5,"1":5,"2":5,"3":5,"4":5},"f":{"0":5},"b":{},"_coverageSchema":"1a1c01bbd47fc00a2c39e90264f33305004495a9","hash":"6a9b05d25426ad0f7c86e8b104cfd2d34a3d73b2"}
,"C:\\Users\\cbris\\Desktop\\Alura\\Projetos Alura\\BackEnd NodeJS\\BackEnd Node.JS-API-JWT\\api\\middleware\\autenticado.js": {"path":"C:\\Users\\cbris\\Desktop\\Alura\\Projetos Alura\\BackEnd NodeJS\\BackEnd Node.JS-API-JWT\\api\\middleware\\autenticado.js","statementMap":{"0":{"start":{"line":1,"column":27},"end":{"line":1,"column":50}},"1":{"start":{"line":2,"column":18},"end":{"line":2,"column":47}},"2":{"start":{"line":4,"column":0},"end":{"line":26,"column":2}},"3":{"start":{"line":5,"column":16},"end":{"line":5,"column":41}},"4":{"start":{"line":7,"column":2},"end":{"line":9,"column":3}},"5":{"start":{"line":8,"column":4},"end":{"line":8,"column":66}},"6":{"start":{"line":11,"column":26},"end":{"line":11,"column":42}},"7":{"start":{"line":13,"column":2},"end":{"line":25,"column":3}},"8":{"start":{"line":14,"column":4},"end":{"line":14,"column":48}},"9":{"start":{"line":16,"column":26},"end":{"line":16,"column":51}},"10":{"start":{"line":18,"column":4},"end":{"line":18,"column":23}},"11":{"start":{"line":19,"column":4},"end":{"line":19,"column":29}},"12":{"start":{"line":21,"column":4},"end":{"line":21,"column":18}},"13":{"start":{"line":24,"column":4},"end":{"line":24,"column":62}}},"fnMap":{"0":{"name":"(anonymous_0)","decl":{"start":{"line":4,"column":17},"end":{"line":4,"column":18}},"loc":{"start":{"line":4,"column":43},"end":{"line":26,"column":1}},"line":4}},"branchMap":{"0":{"loc":{"start":{"line":7,"column":2},"end":{"line":9,"column":3}},"type":"if","locations":[{"start":{"line":7,"column":2},"end":{"line":9,"column":3}},{"start":{},"end":{}}],"line":7}},"s":{"0":5,"1":5,"2":5,"3":45,"4":45,"5":2,"6":43,"7":43,"8":43,"9":41,"10":41,"11":41,"12":41,"13":2},"f":{"0":45},"b":{"0":[2,43]},"_coverageSchema":"1a1c01bbd47fc00a2c39e90264f33305004495a9","hash":"2eee6dc56e2c3f72ffefa632aaf57e62af1f4c42"}
,"C:\\Users\\cbris\\Desktop\\Alura\\Projetos Alura\\BackEnd NodeJS\\BackEnd Node.JS-API-JWT\\api\\middleware\\errorMiddleware.js": {"path":"C:\\Users\\cbris\\Desktop\\Alura\\Projetos Alura\\BackEnd NodeJS\\BackEnd Node.JS-API-JWT\\api\\middleware\\errorMiddleware.js","statementMap":{"0":{"start":{"line":1,"column":18},"end":{"line":1,"column":47}},"1":{"start":{"line":4,"column":24},"end":{"line":17,"column":1}},"2":{"start":{"line":5,"column":2},"end":{"line":11,"column":3}},"3":{"start":{"line":7,"column":4},"end":{"line":10,"column":7}},"4":{"start":{"line":14,"column":2},"end":{"line":16,"column":5}},"5":{"start":{"line":19,"column":0},"end":{"line":19,"column":33}}},"fnMap":{"0":{"name":"(anonymous_0)","decl":{"start":{"line":4,"column":24},"end":{"line":4,"column":25}},"loc":{"start":{"line":4,"column":51},"end":{"line":17,"column":1}},"line":4}},"branchMap":{"0":{"loc":{"start":{"line":5,"column":2},"end":{"line":11,"column":3}},"type":"if","locations":[{"start":{"line":5,"column":2},"end":{"line":11,"column":3}},{"start":{},"end":{}}],"line":5},"1":{"loc":{"start":{"line":7,"column":22},"end":{"line":7,"column":39}},"type":"binary-expr","locations":[{"start":{"line":7,"column":22},"end":{"line":7,"column":32}},{"start":{"line":7,"column":36},"end":{"line":7,"column":39}}],"line":7},"2":{"loc":{"start":{"line":9,"column":15},"end":{"line":9,"column":36}},"type":"binary-expr","locations":[{"start":{"line":9,"column":15},"end":{"line":9,"column":28}},{"start":{"line":9,"column":32},"end":{"line":9,"column":36}}],"line":9}},"s":{"0":6,"1":6,"2":21,"3":21,"4":0,"5":6},"f":{"0":21},"b":{"0":[21,0],"1":[21,0],"2":[21,9]},"_coverageSchema":"1a1c01bbd47fc00a2c39e90264f33305004495a9","hash":"feec92fb34b3e681812964a4b1a97451d272a17e"}
,"C:\\Users\\cbris\\Desktop\\Alura\\Projetos Alura\\BackEnd NodeJS\\BackEnd Node.JS-API-JWT\\api\\middleware\\permissoes.js": {"path":"C:\\Users\\cbris\\Desktop\\Alura\\Projetos Alura\\BackEnd NodeJS\\BackEnd Node.JS-API-JWT\\api\\middleware\\permissoes.js","statementMap":{"0":{"start":{"line":1,"column":18},"end":{"line":1,"column":48}},"1":{"start":{"line":2,"column":17},"end":{"line":2,"column":37}},"2":{"start":{"line":3,"column":18},"end":{"line":3,"column":47}},"3":{"start":{"line":4,"column":19},"end":{"line":36,"column":1}},"4":{"start":{"line":5,"column":2},"end":{"line":35,"column":4}},"5":{"start":{"line":6,"column":26},"end":{"line":6,"column":29}},"6":{"start":{"line":7,"column":4},"end":{"line":34,"column":5}},"7":{"start":{"line":8,"column":19},"end":{"line":17,"column":8}},"8":{"start":{"line":19,"column":6},"end":{"line":21,"column":7}},"9":{"start":{"line":20,"column":8},"end":{"line":20,"column":59}},"10":{"start":{"line":23,"column":25},"end":{"line":25,"column":66}},"11":{"start":{"line":24,"column":28},"end":{"line":24,"column":42}},"12":{"start":{"line":25,"column":29},"end":{"line":25,"column":65}},"13":{"start":{"line":27,"column":6},"end":{"line":29,"column":7}},"14":{"start":{"line":28,"column":8},"end":{"line":28,"column":77}},"15":{"start":{"line":31,"column":6},"end":{"line":31,"column":20}},"16":{"start":{"line":33,"column":6},"end":{"line":33,"column":18}},"17":{"start":{"line":38,"column":0},"end":{"line":38,"column":28}}},"fnMap":{"0":{"name":"(anonymous_0)","decl":{"start":{"line":4,"column":19},"end":{"line":4,"column":20}},"loc":{"start":{"line":4,"column":41},"end":{"line":36,"column":1}},"line":4},"1":{"name":"(anonymous_1)","decl":{"start":{"line":5,"column":9},"end":{"line":5,"column":10}},"loc":{"start":{"line":5,"column":35},"end":{"line":35,"column":3}},"line":5},"2":{"name":"(anonymous_2)","decl":{"start":{"line":24,"column":13},"end":{"line":24,"column":14}},"loc":{"start":{"line":24,"column":28},"end":{"line":24,"column":42}},"line":24},"3":{"name":"(anonymous_3)","decl":{"start":{"line":25,"column":14},"end":{"line":25,"column":15}},"loc":{"start":{"line":25,"column":29},"end":{"line":25,"column":65}},"line":25}},"branchMap":{"0":{"loc":{"start":{"line":19,"column":6},"end":{"line":21,"column":7}},"type":"if","locations":[{"start":{"line":19,"column":6},"end":{"line":21,"column":7}},{"start":{},"end":{}}],"line":19},"1":{"loc":{"start":{"line":27,"column":6},"end":{"line":29,"column":7}},"type":"if","locations":[{"start":{"line":27,"column":6},"end":{"line":29,"column":7}},{"start":{},"end":{}}],"line":27}},"s":{"0":5,"1":5,"2":5,"3":5,"4":0,"5":0,"6":0,"7":0,"8":0,"9":0,"10":0,"11":0,"12":0,"13":0,"14":0,"15":0,"16":0,"17":5},"f":{"0":0,"1":0,"2":0,"3":0},"b":{"0":[0,0],"1":[0,0]},"_coverageSchema":"1a1c01bbd47fc00a2c39e90264f33305004495a9","hash":"0b415a6948d5b2fe7d5ff4276e85911f1c4b57ca"}
,"C:\\Users\\cbris\\Desktop\\Alura\\Projetos Alura\\BackEnd NodeJS\\BackEnd Node.JS-API-JWT\\api\\middleware\\permissoesRoles.js": {"path":"C:\\Users\\cbris\\Desktop\\Alura\\Projetos Alura\\BackEnd NodeJS\\BackEnd Node.JS-API-JWT\\api\\middleware\\permissoesRoles.js","statementMap":{"0":{"start":{"line":1,"column":18},"end":{"line":1,"column":48}},"1":{"start":{"line":2,"column":17},"end":{"line":2,"column":37}},"2":{"start":{"line":3,"column":18},"end":{"line":3,"column":38}},"3":{"start":{"line":4,"column":18},"end":{"line":4,"column":47}},"4":{"start":{"line":5,"column":24},"end":{"line":63,"column":1}},"5":{"start":{"line":6,"column":2},"end":{"line":62,"column":4}},"6":{"start":{"line":7,"column":4},"end":{"line":61,"column":5}},"7":{"start":{"line":8,"column":28},"end":{"line":8,"column":31}},"8":{"start":{"line":10,"column":19},"end":{"line":19,"column":8}},"9":{"start":{"line":21,"column":6},"end":{"line":23,"column":7}},"10":{"start":{"line":22,"column":8},"end":{"line":22,"column":59}},"11":{"start":{"line":25,"column":26},"end":{"line":25,"column":81}},"12":{"start":{"line":25,"column":73},"end":{"line":25,"column":80}},"13":{"start":{"line":27,"column":6},"end":{"line":29,"column":7}},"14":{"start":{"line":28,"column":8},"end":{"line":28,"column":77}},"15":{"start":{"line":31,"column":20},"end":{"line":44,"column":8}},"16":{"start":{"line":46,"column":23},"end":{"line":46,"column":28}},"17":{"start":{"line":48,"column":6},"end":{"line":52,"column":9}},"18":{"start":{"line":49,"column":8},"end":{"line":51,"column":67}},"19":{"start":{"line":50,"column":30},"end":{"line":50,"column":44}},"20":{"start":{"line":51,"column":31},"end":{"line":51,"column":65}},"21":{"start":{"line":54,"column":6},"end":{"line":56,"column":7}},"22":{"start":{"line":55,"column":8},"end":{"line":55,"column":77}},"23":{"start":{"line":58,"column":6},"end":{"line":58,"column":20}},"24":{"start":{"line":60,"column":6},"end":{"line":60,"column":18}},"25":{"start":{"line":65,"column":0},"end":{"line":65,"column":33}}},"fnMap":{"0":{"name":"(anonymous_0)","decl":{"start":{"line":5,"column":24},"end":{"line":5,"column":25}},"loc":{"start":{"line":5,"column":44},"end":{"line":63,"column":1}},"line":5},"1":{"name":"(anonymous_1)","decl":{"start":{"line":6,"column":9},"end":{"line":6,"column":10}},"loc":{"start":{"line":6,"column":35},"end":{"line":62,"column":3}},"line":6},"2":{"name":"(anonymous_2)","decl":{"start":{"line":25,"column":63},"end":{"line":25,"column":64}},"loc":{"start":{"line":25,"column":73},"end":{"line":25,"column":80}},"line":25},"3":{"name":"(anonymous_3)","decl":{"start":{"line":48,"column":16},"end":{"line":48,"column":17}},"loc":{"start":{"line":48,"column":26},"end":{"line":52,"column":7}},"line":48},"4":{"name":"(anonymous_4)","decl":{"start":{"line":50,"column":15},"end":{"line":50,"column":16}},"loc":{"start":{"line":50,"column":30},"end":{"line":50,"column":44}},"line":50},"5":{"name":"(anonymous_5)","decl":{"start":{"line":51,"column":16},"end":{"line":51,"column":17}},"loc":{"start":{"line":51,"column":31},"end":{"line":51,"column":65}},"line":51}},"branchMap":{"0":{"loc":{"start":{"line":21,"column":6},"end":{"line":23,"column":7}},"type":"if","locations":[{"start":{"line":21,"column":6},"end":{"line":23,"column":7}},{"start":{},"end":{}}],"line":21},"1":{"loc":{"start":{"line":27,"column":6},"end":{"line":29,"column":7}},"type":"if","locations":[{"start":{"line":27,"column":6},"end":{"line":29,"column":7}},{"start":{},"end":{}}],"line":27},"2":{"loc":{"start":{"line":54,"column":6},"end":{"line":56,"column":7}},"type":"if","locations":[{"start":{"line":54,"column":6},"end":{"line":56,"column":7}},{"start":{},"end":{}}],"line":54}},"s":{"0":5,"1":5,"2":5,"3":5,"4":5,"5":50,"6":29,"7":29,"8":29,"9":29,"10":0,"11":29,"12":29,"13":29,"14":0,"15":29,"16":29,"17":29,"18":29,"19":110,"20":82,"21":29,"22":1,"23":28,"24":1,"25":5},"f":{"0":50,"1":29,"2":29,"3":29,"4":110,"5":82},"b":{"0":[0,29],"1":[0,29],"2":[1,28]},"_coverageSchema":"1a1c01bbd47fc00a2c39e90264f33305004495a9","hash":"74ad28e88a617531a2d5e10c6552b586d975c726"}
,"C:\\Users\\cbris\\Desktop\\Alura\\Projetos Alura\\BackEnd NodeJS\\BackEnd Node.JS-API-JWT\\api\\middleware\\roles.js": {"path":"C:\\Users\\cbris\\Desktop\\Alura\\Projetos Alura\\BackEnd NodeJS\\BackEnd Node.JS-API-JWT\\api\\middleware\\roles.js","statementMap":{"0":{"start":{"line":1,"column":18},"end":{"line":1,"column":48}},"1":{"start":{"line":2,"column":17},"end":{"line":2,"column":37}},"2":{"start":{"line":3,"column":18},"end":{"line":3,"column":47}},"3":{"start":{"line":4,"column":14},"end":{"line":34,"column":1}},"4":{"start":{"line":5,"column":2},"end":{"line":33,"column":4}},"5":{"start":{"line":6,"column":26},"end":{"line":6,"column":29}},"6":{"start":{"line":7,"column":4},"end":{"line":32,"column":5}},"7":{"start":{"line":8,"column":19},"end":{"line":17,"column":8}},"8":{"start":{"line":19,"column":6},"end":{"line":21,"column":7}},"9":{"start":{"line":20,"column":8},"end":{"line":20,"column":59}},"10":{"start":{"line":23,"column":20},"end":{"line":23,"column":118}},"11":{"start":{"line":23,"column":67},"end":{"line":23,"column":76}},"12":{"start":{"line":23,"column":93},"end":{"line":23,"column":117}},"13":{"start":{"line":25,"column":6},"end":{"line":27,"column":7}},"14":{"start":{"line":26,"column":8},"end":{"line":26,"column":77}},"15":{"start":{"line":29,"column":6},"end":{"line":29,"column":20}},"16":{"start":{"line":31,"column":6},"end":{"line":31,"column":18}},"17":{"start":{"line":36,"column":0},"end":{"line":36,"column":23}}},"fnMap":{"0":{"name":"(anonymous_0)","decl":{"start":{"line":4,"column":14},"end":{"line":4,"column":15}},"loc":{"start":{"line":4,"column":29},"end":{"line":34,"column":1}},"line":4},"1":{"name":"(anonymous_1)","decl":{"start":{"line":5,"column":9},"end":{"line":5,"column":10}},"loc":{"start":{"line":5,"column":35},"end":{"line":33,"column":3}},"line":5},"2":{"name":"(anonymous_2)","decl":{"start":{"line":23,"column":57},"end":{"line":23,"column":58}},"loc":{"start":{"line":23,"column":67},"end":{"line":23,"column":76}},"line":23},"3":{"name":"(anonymous_3)","decl":{"start":{"line":23,"column":83},"end":{"line":23,"column":84}},"loc":{"start":{"line":23,"column":93},"end":{"line":23,"column":117}},"line":23}},"branchMap":{"0":{"loc":{"start":{"line":19,"column":6},"end":{"line":21,"column":7}},"type":"if","locations":[{"start":{"line":19,"column":6},"end":{"line":21,"column":7}},{"start":{},"end":{}}],"line":19},"1":{"loc":{"start":{"line":25,"column":6},"end":{"line":27,"column":7}},"type":"if","locations":[{"start":{"line":25,"column":6},"end":{"line":27,"column":7}},{"start":{},"end":{}}],"line":25}},"s":{"0":5,"1":5,"2":5,"3":5,"4":30,"5":8,"6":8,"7":8,"8":8,"9":0,"10":8,"11":8,"12":8,"13":8,"14":0,"15":8,"16":0,"17":5},"f":{"0":30,"1":8,"2":8,"3":8},"b":{"0":[0,8],"1":[0,8]},"_coverageSchema":"1a1c01bbd47fc00a2c39e90264f33305004495a9","hash":"f7225e23d5f0222a8a31190e4496a096ed284861"}
,"C:\\Users\\cbris\\Desktop\\Alura\\Projetos Alura\\BackEnd NodeJS\\BackEnd Node.JS-API-JWT\\api\\middleware\\validacaoMiddleware.js": {"path":"C:\\Users\\cbris\\Desktop\\Alura\\Projetos Alura\\BackEnd NodeJS\\BackEnd Node.JS-API-JWT\\api\\middleware\\validacaoMiddleware.js","statementMap":{"0":{"start":{"line":2,"column":18},"end":{"line":2,"column":47}},"1":{"start":{"line":4,"column":28},"end":{"line":24,"column":1}},"2":{"start":{"line":5,"column":2},"end":{"line":23,"column":4}},"3":{"start":{"line":6,"column":29},"end":{"line":9,"column":6}},"4":{"start":{"line":11,"column":4},"end":{"line":18,"column":5}},"5":{"start":{"line":12,"column":28},"end":{"line":15,"column":9}},"6":{"start":{"line":12,"column":59},"end":{"line":15,"column":7}},"7":{"start":{"line":17,"column":6},"end":{"line":17,"column":85}},"8":{"start":{"line":20,"column":4},"end":{"line":20,"column":33}},"9":{"start":{"line":22,"column":4},"end":{"line":22,"column":11}},"10":{"start":{"line":26,"column":0},"end":{"line":26,"column":37}}},"fnMap":{"0":{"name":"(anonymous_0)","decl":{"start":{"line":4,"column":28},"end":{"line":4,"column":29}},"loc":{"start":{"line":4,"column":66},"end":{"line":24,"column":1}},"line":4},"1":{"name":"(anonymous_1)","decl":{"start":{"line":5,"column":9},"end":{"line":5,"column":10}},"loc":{"start":{"line":5,"column":29},"end":{"line":23,"column":3}},"line":5},"2":{"name":"(anonymous_2)","decl":{"start":{"line":12,"column":46},"end":{"line":12,"column":47}},"loc":{"start":{"line":12,"column":59},"end":{"line":15,"column":7}},"line":12}},"branchMap":{"0":{"loc":{"start":{"line":4,"column":37},"end":{"line":4,"column":61}},"type":"default-arg","locations":[{"start":{"line":4,"column":55},"end":{"line":4,"column":61}}],"line":4},"1":{"loc":{"start":{"line":11,"column":4},"end":{"line":18,"column":5}},"type":"if","locations":[{"start":{"line":11,"column":4},"end":{"line":18,"column":5}},{"start":{},"end":{}}],"line":11}},"s":{"0":5,"1":5,"2":30,"3":21,"4":21,"5":8,"6":11,"7":8,"8":13,"9":13,"10":5},"f":{"0":30,"1":21,"2":11},"b":{"0":[30],"1":[8,13]},"_coverageSchema":"1a1c01bbd47fc00a2c39e90264f33305004495a9","hash":"497358d6608a7826d68b8c00b83c79e3586b3a71"}
,"C:\\Users\\cbris\\Desktop\\Alura\\Projetos Alura\\BackEnd NodeJS\\BackEnd Node.JS-API-JWT\\api\\models\\index.js": {"path":"C:\\Users\\cbris\\Desktop\\Alura\\Projetos Alura\\BackEnd NodeJS\\BackEnd Node.JS-API-JWT\\api\\models\\index.js","statementMap":{"0":{"start":{"line":3,"column":11},"end":{"line":3,"column":24}},"1":{"start":{"line":4,"column":13},"end":{"line":4,"column":28}},"2":{"start":{"line":5,"column":18},"end":{"line":5,"column":38}},"3":{"start":{"line":6,"column":16},"end":{"line":6,"column":34}},"4":{"start":{"line":7,"column":17},"end":{"line":7,"column":42}},"5":{"start":{"line":8,"column":12},"end":{"line":8,"column":49}},"6":{"start":{"line":9,"column":15},"end":{"line":9,"column":65}},"7":{"start":{"line":10,"column":11},"end":{"line":10,"column":13}},"8":{"start":{"line":13,"column":0},"end":{"line":17,"column":1}},"9":{"start":{"line":14,"column":2},"end":{"line":14,"column":74}},"10":{"start":{"line":16,"column":2},"end":{"line":16,"column":87}},"11":{"start":{"line":19,"column":0},"end":{"line":26,"column":5}},"12":{"start":{"line":21,"column":4},"end":{"line":21,"column":84}},"13":{"start":{"line":24,"column":18},"end":{"line":24,"column":85}},"14":{"start":{"line":25,"column":4},"end":{"line":25,"column":27}},"15":{"start":{"line":28,"column":0},"end":{"line":32,"column":3}},"16":{"start":{"line":29,"column":2},"end":{"line":31,"column":3}},"17":{"start":{"line":30,"column":4},"end":{"line":30,"column":32}},"18":{"start":{"line":34,"column":0},"end":{"line":34,"column":25}},"19":{"start":{"line":35,"column":0},"end":{"line":35,"column":25}},"20":{"start":{"line":37,"column":0},"end":{"line":37,"column":20}}},"fnMap":{"0":{"name":"(anonymous_0)","decl":{"start":{"line":20,"column":10},"end":{"line":20,"column":11}},"loc":{"start":{"line":20,"column":20},"end":{"line":22,"column":3}},"line":20},"1":{"name":"(anonymous_1)","decl":{"start":{"line":23,"column":11},"end":{"line":23,"column":12}},"loc":{"start":{"line":23,"column":21},"end":{"line":26,"column":3}},"line":23},"2":{"name":"(anonymous_2)","decl":{"start":{"line":28,"column":24},"end":{"line":28,"column":25}},"loc":{"start":{"line":28,"column":39},"end":{"line":32,"column":1}},"line":28}},"branchMap":{"0":{"loc":{"start":{"line":8,"column":12},"end":{"line":8,"column":49}},"type":"binary-expr","locations":[{"start":{"line":8,"column":12},"end":{"line":8,"column":32}},{"start":{"line":8,"column":36},"end":{"line":8,"column":49}}],"line":8},"1":{"loc":{"start":{"line":13,"column":0},"end":{"line":17,"column":1}},"type":"if","locations":[{"start":{"line":13,"column":0},"end":{"line":17,"column":1}},{"start":{"line":15,"column":7},"end":{"line":17,"column":1}}],"line":13},"2":{"loc":{"start":{"line":21,"column":11},"end":{"line":21,"column":83}},"type":"binary-expr","locations":[{"start":{"line":21,"column":11},"end":{"line":21,"column":34}},{"start":{"line":21,"column":38},"end":{"line":21,"column":55}},{"start":{"line":21,"column":59},"end":{"line":21,"column":83}}],"line":21},"3":{"loc":{"start":{"line":29,"column":2},"end":{"line":31,"column":3}},"type":"if","locations":[{"start":{"line":29,"column":2},"end":{"line":31,"column":3}},{"start":{},"end":{}}],"line":29}},"s":{"0":8,"1":8,"2":8,"3":8,"4":8,"5":8,"6":8,"7":8,"8":8,"9":0,"10":8,"11":8,"12":64,"13":56,"14":56,"15":8,"16":56,"17":56,"18":8,"19":8,"20":8},"f":{"0":64,"1":56,"2":56},"b":{"0":[8,0],"1":[0,8],"2":[64,64,56],"3":[56,0]},"_coverageSchema":"1a1c01bbd47fc00a2c39e90264f33305004495a9","hash":"faa6c5f07482430cad6015046bf36a2d3549c0ef"}
,"C:\\Users\\cbris\\Desktop\\Alura\\Projetos Alura\\BackEnd NodeJS\\BackEnd Node.JS-API-JWT\\api\\models\\permissoes.js": {"path":"C:\\Users\\cbris\\Desktop\\Alura\\Projetos Alura\\BackEnd NodeJS\\BackEnd Node.JS-API-JWT\\api\\models\\permissoes.js","statementMap":{"0":{"start":{"line":2,"column":18},"end":{"line":2,"column":38}},"1":{"start":{"line":3,"column":0},"end":{"line":30,"column":2}},"2":{"start":{"line":6,"column":6},"end":{"line":10,"column":9}},"3":{"start":{"line":12,"column":6},"end":{"line":16,"column":9}},"4":{"start":{"line":19,"column":2},"end":{"line":28,"column":4}},"5":{"start":{"line":29,"column":2},"end":{"line":29,"column":20}}},"fnMap":{"0":{"name":"(anonymous_0)","decl":{"start":{"line":3,"column":17},"end":{"line":3,"column":18}},"loc":{"start":{"line":3,"column":43},"end":{"line":30,"column":1}},"line":3},"1":{"name":"(anonymous_1)","decl":{"start":{"line":5,"column":4},"end":{"line":5,"column":5}},"loc":{"start":{"line":5,"column":29},"end":{"line":17,"column":5}},"line":5}},"branchMap":{},"s":{"0":8,"1":8,"2":8,"3":8,"4":8,"5":8},"f":{"0":8,"1":8},"b":{},"_coverageSchema":"1a1c01bbd47fc00a2c39e90264f33305004495a9","hash":"7e82ebb4847f6195413e9af147a77252d3d09d54"}
,"C:\\Users\\cbris\\Desktop\\Alura\\Projetos Alura\\BackEnd NodeJS\\BackEnd Node.JS-API-JWT\\api\\models\\produtos.js": {"path":"C:\\Users\\cbris\\Desktop\\Alura\\Projetos Alura\\BackEnd NodeJS\\BackEnd Node.JS-API-JWT\\api\\models\\produtos.js","statementMap":{"0":{"start":{"line":2,"column":18},"end":{"line":2,"column":38}},"1":{"start":{"line":3,"column":0},"end":{"line":19,"column":2}},"2":{"start":{"line":7,"column":2},"end":{"line":17,"column":4}},"3":{"start":{"line":18,"column":2},"end":{"line":18,"column":18}}},"fnMap":{"0":{"name":"(anonymous_0)","decl":{"start":{"line":3,"column":17},"end":{"line":3,"column":18}},"loc":{"start":{"line":3,"column":43},"end":{"line":19,"column":1}},"line":3},"1":{"name":"(anonymous_1)","decl":{"start":{"line":5,"column":4},"end":{"line":5,"column":5}},"loc":{"start":{"line":5,"column":29},"end":{"line":5,"column":31}},"line":5}},"branchMap":{},"s":{"0":8,"1":8,"2":8,"3":8},"f":{"0":8,"1":8},"b":{},"_coverageSchema":"1a1c01bbd47fc00a2c39e90264f33305004495a9","hash":"8348a9d4ddcd85c2d2c5474a18f2b3adf18bc3c5"}
,"C:\\Users\\cbris\\Desktop\\Alura\\Projetos Alura\\BackEnd NodeJS\\BackEnd Node.JS-API-JWT\\api\\models\\roles.js": {"path":"C:\\Users\\cbris\\Desktop\\Alura\\Projetos Alura\\BackEnd NodeJS\\BackEnd Node.JS-API-JWT\\api\\models\\roles.js","statementMap":{"0":{"start":{"line":2,"column":18},"end":{"line":2,"column":38}},"1":{"start":{"line":3,"column":0},"end":{"line":30,"column":2}},"2":{"start":{"line":6,"column":6},"end":{"line":10,"column":9}},"3":{"start":{"line":12,"column":6},"end":{"line":16,"column":9}},"4":{"start":{"line":19,"column":2},"end":{"line":28,"column":4}},"5":{"start":{"line":29,"column":2},"end":{"line":29,"column":15}}},"fnMap":{"0":{"name":"(anonymous_0)","decl":{"start":{"line":3,"column":17},"end":{"line":3,"column":18}},"loc":{"start":{"line":3,"column":43},"end":{"line":30,"column":1}},"line":3},"1":{"name":"(anonymous_1)","decl":{"start":{"line":5,"column":4},"end":{"line":5,"column":5}},"loc":{"start":{"line":5,"column":29},"end":{"line":17,"column":5}},"line":5}},"branchMap":{},"s":{"0":8,"1":8,"2":8,"3":8,"4":8,"5":8},"f":{"0":8,"1":8},"b":{},"_coverageSchema":"1a1c01bbd47fc00a2c39e90264f33305004495a9","hash":"05998c39bc74e28dff715ce4e589a815b06b8d1f"}
,"C:\\Users\\cbris\\Desktop\\Alura\\Projetos Alura\\BackEnd NodeJS\\BackEnd Node.JS-API-JWT\\api\\models\\roles_permissoes.js": {"path":"C:\\Users\\cbris\\Desktop\\Alura\\Projetos Alura\\BackEnd NodeJS\\BackEnd Node.JS-API-JWT\\api\\models\\roles_permissoes.js","statementMap":{"0":{"start":{"line":2,"column":18},"end":{"line":2,"column":38}},"1":{"start":{"line":3,"column":0},"end":{"line":25,"column":2}},"2":{"start":{"line":14,"column":2},"end":{"line":23,"column":4}},"3":{"start":{"line":24,"column":2},"end":{"line":24,"column":26}}},"fnMap":{"0":{"name":"(anonymous_0)","decl":{"start":{"line":3,"column":17},"end":{"line":3,"column":18}},"loc":{"start":{"line":3,"column":43},"end":{"line":25,"column":1}},"line":3},"1":{"name":"(anonymous_1)","decl":{"start":{"line":10,"column":4},"end":{"line":10,"column":5}},"loc":{"start":{"line":10,"column":29},"end":{"line":12,"column":5}},"line":10}},"branchMap":{},"s":{"0":8,"1":8,"2":8,"3":8},"f":{"0":8,"1":8},"b":{},"_coverageSchema":"1a1c01bbd47fc00a2c39e90264f33305004495a9","hash":"751cc1a5aca39cf0bc0d0c0ece0b6995a8e2c0e9"}
,"C:\\Users\\cbris\\Desktop\\Alura\\Projetos Alura\\BackEnd NodeJS\\BackEnd Node.JS-API-JWT\\api\\models\\usuarios.js": {"path":"C:\\Users\\cbris\\Desktop\\Alura\\Projetos Alura\\BackEnd NodeJS\\BackEnd Node.JS-API-JWT\\api\\models\\usuarios.js","statementMap":{"0":{"start":{"line":2,"column":18},"end":{"line":2,"column":38}},"1":{"start":{"line":3,"column":0},"end":{"line":41,"column":2}},"2":{"start":{"line":6,"column":6},"end":{"line":10,"column":9}},"3":{"start":{"line":12,"column":6},"end":{"line":16,"column":9}},"4":{"start":{"line":19,"column":2},"end":{"line":39,"column":4}},"5":{"start":{"line":40,"column":2},"end":{"line":40,"column":18}}},"fnMap":{"0":{"name":"(anonymous_0)","decl":{"start":{"line":3,"column":17},"end":{"line":3,"column":18}},"loc":{"start":{"line":3,"column":43},"end":{"line":41,"column":1}},"line":3},"1":{"name":"(anonymous_1)","decl":{"start":{"line":5,"column":4},"end":{"line":5,"column":5}},"loc":{"start":{"line":5,"column":29},"end":{"line":17,"column":5}},"line":5}},"branchMap":{},"s":{"0":8,"1":8,"2":8,"3":8,"4":8,"5":8},"f":{"0":8,"1":8},"b":{},"_coverageSchema":"1a1c01bbd47fc00a2c39e90264f33305004495a9","hash":"a75b752679dcf0f68a62be0fb8ca6437c4762a57"}
,"C:\\Users\\cbris\\Desktop\\Alura\\Projetos Alura\\BackEnd NodeJS\\BackEnd Node.JS-API-JWT\\api\\models\\usuarios_permissoes.js": {"path":"C:\\Users\\cbris\\Desktop\\Alura\\Projetos Alura\\BackEnd NodeJS\\BackEnd Node.JS-API-JWT\\api\\models\\usuarios_permissoes.js","statementMap":{"0":{"start":{"line":2,"column":18},"end":{"line":2,"column":38}},"1":{"start":{"line":3,"column":0},"end":{"line":25,"column":2}},"2":{"start":{"line":14,"column":2},"end":{"line":23,"column":4}},"3":{"start":{"line":24,"column":2},"end":{"line":24,"column":29}}},"fnMap":{"0":{"name":"(anonymous_0)","decl":{"start":{"line":3,"column":17},"end":{"line":3,"column":18}},"loc":{"start":{"line":3,"column":43},"end":{"line":25,"column":1}},"line":3},"1":{"name":"(anonymous_1)","decl":{"start":{"line":10,"column":4},"end":{"line":10,"column":5}},"loc":{"start":{"line":10,"column":29},"end":{"line":12,"column":5}},"line":10}},"branchMap":{},"s":{"0":8,"1":8,"2":8,"3":8},"f":{"0":8,"1":8},"b":{},"_coverageSchema":"1a1c01bbd47fc00a2c39e90264f33305004495a9","hash":"ac9407f697b5e472470d4947e1f7068dbb833b19"}
,"C:\\Users\\cbris\\Desktop\\Alura\\Projetos Alura\\BackEnd NodeJS\\BackEnd Node.JS-API-JWT\\api\\models\\usuarios_roles.js": {"path":"C:\\Users\\cbris\\Desktop\\Alura\\Projetos Alura\\BackEnd NodeJS\\BackEnd Node.JS-API-JWT\\api\\models\\usuarios_roles.js","statementMap":{"0":{"start":{"line":2,"column":18},"end":{"line":2,"column":38}},"1":{"start":{"line":3,"column":0},"end":{"line":25,"column":2}},"2":{"start":{"line":14,"column":2},"end":{"line":23,"column":4}},"3":{"start":{"line":24,"column":2},"end":{"line":24,"column":24}}},"fnMap":{"0":{"name":"(anonymous_0)","decl":{"start":{"line":3,"column":17},"end":{"line":3,"column":18}},"loc":{"start":{"line":3,"column":43},"end":{"line":25,"column":1}},"line":3},"1":{"name":"(anonymous_1)","decl":{"start":{"line":10,"column":4},"end":{"line":10,"column":5}},"loc":{"start":{"line":10,"column":29},"end":{"line":12,"column":5}},"line":10}},"branchMap":{},"s":{"0":8,"1":8,"2":8,"3":8},"f":{"0":8,"1":8},"b":{},"_coverageSchema":"1a1c01bbd47fc00a2c39e90264f33305004495a9","hash":"72ab4ec6ae6e28e723b06c3ce949d865f65be099"}
,"C:\\Users\\cbris\\Desktop\\Alura\\Projetos Alura\\BackEnd NodeJS\\BackEnd Node.JS-API-JWT\\api\\routes\\authRoute.js": {"path":"C:\\Users\\cbris\\Desktop\\Alura\\Projetos Alura\\BackEnd NodeJS\\BackEnd Node.JS-API-JWT\\api\\routes\\authRoute.js","statementMap":{"0":{"start":{"line":1,"column":19},"end":{"line":1,"column":37}},"1":{"start":{"line":2,"column":23},"end":{"line":2,"column":63}},"2":{"start":{"line":4,"column":23},"end":{"line":4,"column":43}},"3":{"start":{"line":6,"column":15},"end":{"line":6,"column":23}},"4":{"start":{"line":8,"column":0},"end":{"line":8,"column":85}},"5":{"start":{"line":8,"column":47},"end":{"line":8,"column":83}},"6":{"start":{"line":10,"column":0},"end":{"line":10,"column":24}}},"fnMap":{"0":{"name":"(anonymous_0)","decl":{"start":{"line":8,"column":27},"end":{"line":8,"column":28}},"loc":{"start":{"line":8,"column":47},"end":{"line":8,"column":83}},"line":8}},"branchMap":{},"s":{"0":5,"1":5,"2":5,"3":5,"4":5,"5":9,"6":5},"f":{"0":9},"b":{},"_coverageSchema":"1a1c01bbd47fc00a2c39e90264f33305004495a9","hash":"ff7a228db6e704b8d5ad62934efe7abfd4931dc1"}
,"C:\\Users\\cbris\\Desktop\\Alura\\Projetos Alura\\BackEnd NodeJS\\BackEnd Node.JS-API-JWT\\api\\routes\\index.js": {"path":"C:\\Users\\cbris\\Desktop\\Alura\\Projetos Alura\\BackEnd NodeJS\\BackEnd Node.JS-API-JWT\\api\\routes\\index.js","statementMap":{"0":{"start":{"line":1,"column":19},"end":{"line":1,"column":41}},"1":{"start":{"line":3,"column":16},"end":{"line":3,"column":41}},"2":{"start":{"line":4,"column":16},"end":{"line":4,"column":42}},"3":{"start":{"line":5,"column":13},"end":{"line":5,"column":35}},"4":{"start":{"line":6,"column":13},"end":{"line":6,"column":35}},"5":{"start":{"line":7,"column":18},"end":{"line":7,"column":45}},"6":{"start":{"line":8,"column":18},"end":{"line":8,"column":40}},"7":{"start":{"line":9,"column":0},"end":{"line":11,"column":2}},"8":{"start":{"line":10,"column":2},"end":{"line":10,"column":81}}},"fnMap":{"0":{"name":"(anonymous_0)","decl":{"start":{"line":9,"column":17},"end":{"line":9,"column":18}},"loc":{"start":{"line":9,"column":26},"end":{"line":11,"column":1}},"line":9}},"branchMap":{},"s":{"0":5,"1":5,"2":5,"3":5,"4":5,"5":5,"6":5,"7":5,"8":5},"f":{"0":5},"b":{},"_coverageSchema":"1a1c01bbd47fc00a2c39e90264f33305004495a9","hash":"210f47da2d3cd12f7d83a2db83a21f8db8872014"}
,"C:\\Users\\cbris\\Desktop\\Alura\\Projetos Alura\\BackEnd NodeJS\\BackEnd Node.JS-API-JWT\\api\\routes\\permissaoRoute.js": {"path":"C:\\Users\\cbris\\Desktop\\Alura\\Projetos Alura\\BackEnd NodeJS\\BackEnd Node.JS-API-JWT\\api\\routes\\permissaoRoute.js","statementMap":{"0":{"start":{"line":1,"column":19},"end":{"line":1,"column":37}},"1":{"start":{"line":2,"column":23},"end":{"line":2,"column":59}},"2":{"start":{"line":3,"column":28},"end":{"line":3,"column":73}},"3":{"start":{"line":4,"column":14},"end":{"line":4,"column":44}},"4":{"start":{"line":5,"column":28},"end":{"line":5,"column":72}},"5":{"start":{"line":6,"column":28},"end":{"line":6,"column":58}},"6":{"start":{"line":7,"column":15},"end":{"line":7,"column":23}},"7":{"start":{"line":9,"column":28},"end":{"line":9,"column":53}},"8":{"start":{"line":11,"column":0},"end":{"line":17,"column":2}},"9":{"start":{"line":19,"column":0},"end":{"line":19,"column":113}},"10":{"start":{"line":21,"column":0},"end":{"line":21,"column":124}},"11":{"start":{"line":23,"column":0},"end":{"line":23,"column":120}},"12":{"start":{"line":25,"column":0},"end":{"line":30,"column":2}},"13":{"start":{"line":32,"column":0},"end":{"line":32,"column":24}}},"fnMap":{},"branchMap":{},"s":{"0":5,"1":5,"2":5,"3":5,"4":5,"5":5,"6":5,"7":5,"8":5,"9":5,"10":5,"11":5,"12":5,"13":5},"f":{},"b":{},"_coverageSchema":"1a1c01bbd47fc00a2c39e90264f33305004495a9","hash":"6988972c87e6cf61df6f178b11075f233ce02765"}
,"C:\\Users\\cbris\\Desktop\\Alura\\Projetos Alura\\BackEnd NodeJS\\BackEnd Node.JS-API-JWT\\api\\routes\\produtoRoute.js": {"path":"C:\\Users\\cbris\\Desktop\\Alura\\Projetos Alura\\BackEnd NodeJS\\BackEnd Node.JS-API-JWT\\api\\routes\\produtoRoute.js","statementMap":{"0":{"start":{"line":1,"column":19},"end":{"line":1,"column":37}},"1":{"start":{"line":2,"column":26},"end":{"line":2,"column":69}},"2":{"start":{"line":3,"column":23},"end":{"line":3,"column":59}},"3":{"start":{"line":4,"column":14},"end":{"line":4,"column":44}},"4":{"start":{"line":5,"column":19},"end":{"line":5,"column":54}},"5":{"start":{"line":6,"column":24},"end":{"line":6,"column":64}},"6":{"start":{"line":7,"column":28},"end":{"line":7,"column":72}},"7":{"start":{"line":8,"column":26},"end":{"line":8,"column":49}},"8":{"start":{"line":9,"column":15},"end":{"line":9,"column":23}},"9":{"start":{"line":11,"column":55},"end":{"line":11,"column":85}},"10":{"start":{"line":13,"column":0},"end":{"line":19,"column":2}},"11":{"start":{"line":21,"column":0},"end":{"line":21,"column":118}},"12":{"start":{"line":23,"column":0},"end":{"line":23,"column":129}},"13":{"start":{"line":25,"column":0},"end":{"line":30,"column":2}},"14":{"start":{"line":32,"column":0},"end":{"line":38,"column":2}},"15":{"start":{"line":40,"column":0},"end":{"line":40,"column":24}}},"fnMap":{},"branchMap":{},"s":{"0":5,"1":5,"2":5,"3":5,"4":5,"5":5,"6":5,"7":5,"8":5,"9":5,"10":5,"11":5,"12":5,"13":5,"14":5,"15":5},"f":{},"b":{},"_coverageSchema":"1a1c01bbd47fc00a2c39e90264f33305004495a9","hash":"b7cd83ddd23d5dda0538013cfcc7fc9c8262fb03"}
,"C:\\Users\\cbris\\Desktop\\Alura\\Projetos Alura\\BackEnd NodeJS\\BackEnd Node.JS-API-JWT\\api\\routes\\roleRoute.js": {"path":"C:\\Users\\cbris\\Desktop\\Alura\\Projetos Alura\\BackEnd NodeJS\\BackEnd Node.JS-API-JWT\\api\\routes\\roleRoute.js","statementMap":{"0":{"start":{"line":1,"column":19},"end":{"line":1,"column":37}},"1":{"start":{"line":2,"column":23},"end":{"line":2,"column":59}},"2":{"start":{"line":3,"column":23},"end":{"line":3,"column":63}},"3":{"start":{"line":4,"column":14},"end":{"line":4,"column":44}},"4":{"start":{"line":5,"column":28},"end":{"line":5,"column":72}},"5":{"start":{"line":6,"column":23},"end":{"line":6,"column":53}},"6":{"start":{"line":8,"column":23},"end":{"line":8,"column":43}},"7":{"start":{"line":10,"column":15},"end":{"line":10,"column":23}},"8":{"start":{"line":12,"column":0},"end":{"line":18,"column":2}},"9":{"start":{"line":19,"column":0},"end":{"line":19,"column":81}},"10":{"start":{"line":20,"column":0},"end":{"line":20,"column":92}},"11":{"start":{"line":21,"column":0},"end":{"line":21,"column":88}},"12":{"start":{"line":22,"column":0},"end":{"line":22,"column":99}},"13":{"start":{"line":24,"column":0},"end":{"line":24,"column":24}}},"fnMap":{},"branchMap":{},"s":{"0":5,"1":5,"2":5,"3":5,"4":5,"5":5,"6":5,"7":5,"8":5,"9":5,"10":5,"11":5,"12":5,"13":5},"f":{},"b":{},"_coverageSchema":"1a1c01bbd47fc00a2c39e90264f33305004495a9","hash":"12aca2582809069d1073b75e69c60caa66fe77a2"}
,"C:\\Users\\cbris\\Desktop\\Alura\\Projetos Alura\\BackEnd NodeJS\\BackEnd Node.JS-API-JWT\\api\\routes\\seguranca.js": {"path":"C:\\Users\\cbris\\Desktop\\Alura\\Projetos Alura\\BackEnd NodeJS\\BackEnd Node.JS-API-JWT\\api\\routes\\seguranca.js","statementMap":{"0":{"start":{"line":1,"column":19},"end":{"line":1,"column":37}},"1":{"start":{"line":2,"column":23},"end":{"line":2,"column":59}},"2":{"start":{"line":3,"column":28},"end":{"line":3,"column":73}},"3":{"start":{"line":5,"column":28},"end":{"line":5,"column":53}},"4":{"start":{"line":6,"column":15},"end":{"line":6,"column":23}},"5":{"start":{"line":8,"column":0},"end":{"line":8,"column":116}},"6":{"start":{"line":8,"column":66},"end":{"line":8,"column":114}},"7":{"start":{"line":9,"column":0},"end":{"line":11,"column":2}},"8":{"start":{"line":10,"column":2},"end":{"line":10,"column":62}},"9":{"start":{"line":13,"column":0},"end":{"line":13,"column":24}}},"fnMap":{"0":{"name":"(anonymous_0)","decl":{"start":{"line":8,"column":46},"end":{"line":8,"column":47}},"loc":{"start":{"line":8,"column":66},"end":{"line":8,"column":114}},"line":8},"1":{"name":"(anonymous_1)","decl":{"start":{"line":9,"column":59},"end":{"line":9,"column":60}},"loc":{"start":{"line":10,"column":2},"end":{"line":10,"column":62}},"line":10}},"branchMap":{},"s":{"0":5,"1":5,"2":5,"3":5,"4":5,"5":5,"6":0,"7":5,"8":0,"9":5},"f":{"0":0,"1":0},"b":{},"_coverageSchema":"1a1c01bbd47fc00a2c39e90264f33305004495a9","hash":"c65ec68323e04f3edf2a53e5976b50edb2662765"}
,"C:\\Users\\cbris\\Desktop\\Alura\\Projetos Alura\\BackEnd NodeJS\\BackEnd Node.JS-API-JWT\\api\\routes\\usuariosRoute.js": {"path":"C:\\Users\\cbris\\Desktop\\Alura\\Projetos Alura\\BackEnd NodeJS\\BackEnd Node.JS-API-JWT\\api\\routes\\usuariosRoute.js","statementMap":{"0":{"start":{"line":1,"column":19},"end":{"line":1,"column":37}},"1":{"start":{"line":2,"column":26},"end":{"line":2,"column":69}},"2":{"start":{"line":3,"column":23},"end":{"line":3,"column":59}},"3":{"start":{"line":4,"column":24},"end":{"line":4,"column":64}},"4":{"start":{"line":5,"column":28},"end":{"line":5,"column":72}},"5":{"start":{"line":6,"column":26},"end":{"line":6,"column":49}},"6":{"start":{"line":8,"column":55},"end":{"line":8,"column":85}},"7":{"start":{"line":9,"column":15},"end":{"line":9,"column":23}},"8":{"start":{"line":11,"column":0},"end":{"line":17,"column":2}},"9":{"start":{"line":18,"column":0},"end":{"line":18,"column":119}},"10":{"start":{"line":20,"column":0},"end":{"line":20,"column":130}},"11":{"start":{"line":22,"column":0},"end":{"line":28,"column":2}},"12":{"start":{"line":30,"column":0},"end":{"line":35,"column":2}},"13":{"start":{"line":37,"column":0},"end":{"line":37,"column":24}}},"fnMap":{},"branchMap":{},"s":{"0":5,"1":5,"2":5,"3":5,"4":5,"5":5,"6":5,"7":5,"8":5,"9":5,"10":5,"11":5,"12":5,"13":5},"f":{},"b":{},"_coverageSchema":"1a1c01bbd47fc00a2c39e90264f33305004495a9","hash":"c1b67aaec0809fbc3725341ee0843946381ca23e"}
,"C:\\Users\\cbris\\Desktop\\Alura\\Projetos Alura\\BackEnd NodeJS\\BackEnd Node.JS-API-JWT\\api\\services\\Services.js": {"path":"C:\\Users\\cbris\\Desktop\\Alura\\Projetos Alura\\BackEnd NodeJS\\BackEnd Node.JS-API-JWT\\api\\services\\Services.js","statementMap":{"0":{"start":{"line":1,"column":19},"end":{"line":1,"column":39}},"1":{"start":{"line":2,"column":20},"end":{"line":2,"column":52}},"2":{"start":{"line":3,"column":18},"end":{"line":3,"column":47}},"3":{"start":{"line":7,"column":4},"end":{"line":7,"column":27}},"4":{"start":{"line":12,"column":4},"end":{"line":18,"column":5}},"5":{"start":{"line":13,"column":22},"end":{"line":13,"column":102}},"6":{"start":{"line":15,"column":6},"end":{"line":15,"column":21}},"7":{"start":{"line":17,"column":6},"end":{"line":17,"column":25}},"8":{"start":{"line":23,"column":4},"end":{"line":31,"column":5}},"9":{"start":{"line":24,"column":22},"end":{"line":24,"column":73}},"10":{"start":{"line":25,"column":6},"end":{"line":27,"column":7}},"11":{"start":{"line":26,"column":8},"end":{"line":26,"column":87}},"12":{"start":{"line":28,"column":6},"end":{"line":28,"column":21}},"13":{"start":{"line":30,"column":6},"end":{"line":30,"column":25}},"14":{"start":{"line":36,"column":4},"end":{"line":44,"column":5}},"15":{"start":{"line":37,"column":21},"end":{"line":37,"column":62}},"16":{"start":{"line":38,"column":6},"end":{"line":40,"column":7}},"17":{"start":{"line":39,"column":8},"end":{"line":39,"column":60}},"18":{"start":{"line":41,"column":6},"end":{"line":41,"column":20}},"19":{"start":{"line":43,"column":6},"end":{"line":43,"column":25}},"20":{"start":{"line":49,"column":4},"end":{"line":63,"column":5}},"21":{"start":{"line":50,"column":20},"end":{"line":50,"column":43}},"22":{"start":{"line":52,"column":18},"end":{"line":52,"column":40}},"23":{"start":{"line":54,"column":6},"end":{"line":56,"column":7}},"24":{"start":{"line":55,"column":8},"end":{"line":55,"column":35}},"25":{"start":{"line":58,"column":21},"end":{"line":58,"column":47}},"26":{"start":{"line":60,"column":6},"end":{"line":60,"column":20}},"27":{"start":{"line":62,"column":6},"end":{"line":62,"column":25}},"28":{"start":{"line":68,"column":4},"end":{"line":76,"column":5}},"29":{"start":{"line":69,"column":21},"end":{"line":69,"column":81}},"30":{"start":{"line":70,"column":6},"end":{"line":72,"column":7}},"31":{"start":{"line":71,"column":8},"end":{"line":71,"column":77}},"32":{"start":{"line":73,"column":6},"end":{"line":73,"column":20}},"33":{"start":{"line":75,"column":6},"end":{"line":75,"column":25}},"34":{"start":{"line":81,"column":4},"end":{"line":86,"column":5}},"35":{"start":{"line":82,"column":26},"end":{"line":82,"column":71}},"36":{"start":{"line":83,"column":6},"end":{"line":83,"column":25}},"37":{"start":{"line":85,"column":6},"end":{"line":85,"column":25}},"38":{"start":{"line":91,"column":4},"end":{"line":102,"column":5}},"39":{"start":{"line":92,"column":34},"end":{"line":94,"column":8}},"40":{"start":{"line":96,"column":6},"end":{"line":98,"column":7}},"41":{"start":{"line":97,"column":8},"end":{"line":97,"column":63}},"42":{"start":{"line":99,"column":6},"end":{"line":99,"column":33}},"43":{"start":{"line":101,"column":6},"end":{"line":101,"column":25}},"44":{"start":{"line":107,"column":4},"end":{"line":117,"column":5}},"45":{"start":{"line":108,"column":23},"end":{"line":108,"column":84}},"46":{"start":{"line":109,"column":6},"end":{"line":111,"column":7}},"47":{"start":{"line":110,"column":8},"end":{"line":110,"column":74}},"48":{"start":{"line":113,"column":6},"end":{"line":113,"column":31}},"49":{"start":{"line":114,"column":6},"end":{"line":114,"column":18}},"50":{"start":{"line":116,"column":6},"end":{"line":116,"column":25}},"51":{"start":{"line":121,"column":0},"end":{"line":121,"column":26}}},"fnMap":{"0":{"name":"(anonymous_0)","decl":{"start":{"line":6,"column":2},"end":{"line":6,"column":3}},"loc":{"start":{"line":6,"column":25},"end":{"line":8,"column":3}},"line":6},"1":{"name":"(anonymous_1)","decl":{"start":{"line":11,"column":2},"end":{"line":11,"column":3}},"loc":{"start":{"line":11,"column":51},"end":{"line":19,"column":3}},"line":11},"2":{"name":"(anonymous_2)","decl":{"start":{"line":22,"column":2},"end":{"line":22,"column":3}},"loc":{"start":{"line":22,"column":34},"end":{"line":32,"column":3}},"line":22},"3":{"name":"(anonymous_3)","decl":{"start":{"line":35,"column":2},"end":{"line":35,"column":3}},"loc":{"start":{"line":35,"column":23},"end":{"line":45,"column":3}},"line":35},"4":{"name":"(anonymous_4)","decl":{"start":{"line":48,"column":2},"end":{"line":48,"column":3}},"loc":{"start":{"line":48,"column":36},"end":{"line":64,"column":3}},"line":48},"5":{"name":"(anonymous_5)","decl":{"start":{"line":67,"column":2},"end":{"line":67,"column":3}},"loc":{"start":{"line":67,"column":35},"end":{"line":77,"column":3}},"line":67},"6":{"name":"(anonymous_6)","decl":{"start":{"line":80,"column":2},"end":{"line":80,"column":3}},"loc":{"start":{"line":80,"column":33},"end":{"line":87,"column":3}},"line":80},"7":{"name":"(anonymous_7)","decl":{"start":{"line":90,"column":2},"end":{"line":90,"column":3}},"loc":{"start":{"line":90,"column":40},"end":{"line":103,"column":3}},"line":90},"8":{"name":"(anonymous_8)","decl":{"start":{"line":106,"column":2},"end":{"line":106,"column":3}},"loc":{"start":{"line":106,"column":30},"end":{"line":118,"column":3}},"line":106}},"branchMap":{"0":{"loc":{"start":{"line":11,"column":24},"end":{"line":11,"column":34}},"type":"default-arg","locations":[{"start":{"line":11,"column":32},"end":{"line":11,"column":34}}],"line":11},"1":{"loc":{"start":{"line":11,"column":36},"end":{"line":11,"column":49}},"type":"default-arg","locations":[{"start":{"line":11,"column":47},"end":{"line":11,"column":49}}],"line":11},"2":{"loc":{"start":{"line":25,"column":6},"end":{"line":27,"column":7}},"type":"if","locations":[{"start":{"line":25,"column":6},"end":{"line":27,"column":7}},{"start":{},"end":{}}],"line":25},"3":{"loc":{"start":{"line":25,"column":10},"end":{"line":25,"column":42}},"type":"binary-expr","locations":[{"start":{"line":25,"column":10},"end":{"line":25,"column":18}},{"start":{"line":25,"column":22},"end":{"line":25,"column":42}}],"line":25},"4":{"loc":{"start":{"line":38,"column":6},"end":{"line":40,"column":7}},"type":"if","locations":[{"start":{"line":38,"column":6},"end":{"line":40,"column":7}},{"start":{},"end":{}}],"line":38},"5":{"loc":{"start":{"line":48,"column":22},"end":{"line":48,"column":34}},"type":"default-arg","locations":[{"start":{"line":48,"column":30},"end":{"line":48,"column":34}}],"line":48},"6":{"loc":{"start":{"line":54,"column":6},"end":{"line":56,"column":7}},"type":"if","locations":[{"start":{"line":54,"column":6},"end":{"line":56,"column":7}},{"start":{},"end":{}}],"line":54},"7":{"loc":{"start":{"line":70,"column":6},"end":{"line":72,"column":7}},"type":"if","locations":[{"start":{"line":70,"column":6},"end":{"line":72,"column":7}},{"start":{},"end":{}}],"line":70},"8":{"loc":{"start":{"line":96,"column":6},"end":{"line":98,"column":7}},"type":"if","locations":[{"start":{"line":96,"column":6},"end":{"line":98,"column":7}},{"start":{},"end":{}}],"line":96},"9":{"loc":{"start":{"line":109,"column":6},"end":{"line":111,"column":7}},"type":"if","locations":[{"start":{"line":109,"column":6},"end":{"line":111,"column":7}},{"start":{},"end":{}}],"line":109}},"s":{"0":8,"1":8,"2":8,"3":26,"4":10,"5":10,"6":10,"7":0,"8":0,"9":0,"10":0,"11":0,"12":0,"13":0,"14":6,"15":6,"16":6,"17":0,"18":6,"19":0,"20":20,"21":20,"22":20,"23":20,"24":8,"25":20,"26":20,"27":0,"28":0,"29":0,"30":0,"31":0,"32":0,"33":0,"34":7,"35":7,"36":6,"37":1,"38":3,"39":3,"40":3,"41":0,"42":3,"43":0,"44":6,"45":6,"46":6,"47":0,"48":6,"49":4,"50":0,"51":8},"f":{"0":26,"1":10,"2":0,"3":6,"4":20,"5":0,"6":7,"7":3,"8":6},"b":{"0":[8],"1":[8],"2":[0,0],"3":[0,0],"4":[0,6],"5":[12],"6":[8,12],"7":[0,0],"8":[0,3],"9":[0,6]},"_coverageSchema":"1a1c01bbd47fc00a2c39e90264f33305004495a9","hash":"69804db814cd5937c9eadebe8089fbb46da618bf"}
,"C:\\Users\\cbris\\Desktop\\Alura\\Projetos Alura\\BackEnd NodeJS\\BackEnd Node.JS-API-JWT\\api\\services\\authService.js": {"path":"C:\\Users\\cbris\\Desktop\\Alura\\Projetos Alura\\BackEnd NodeJS\\BackEnd Node.JS-API-JWT\\api\\services\\authService.js","statementMap":{"0":{"start":{"line":2,"column":17},"end":{"line":2,"column":38}},"1":{"start":{"line":3,"column":18},"end":{"line":3,"column":47}},"2":{"start":{"line":4,"column":20},"end":{"line":4,"column":39}},"3":{"start":{"line":5,"column":17},"end":{"line":5,"column":40}},"4":{"start":{"line":8,"column":4},"end":{"line":8,"column":22}},"5":{"start":{"line":11,"column":4},"end":{"line":13,"column":5}},"6":{"start":{"line":12,"column":6},"end":{"line":12,"column":64}},"7":{"start":{"line":14,"column":4},"end":{"line":38,"column":5}},"8":{"start":{"line":15,"column":19},"end":{"line":15,"column":74}},"9":{"start":{"line":17,"column":6},"end":{"line":19,"column":7}},"10":{"start":{"line":18,"column":8},"end":{"line":18,"column":34}},"11":{"start":{"line":21,"column":25},"end":{"line":21,"column":61}},"12":{"start":{"line":23,"column":6},"end":{"line":25,"column":7}},"13":{"start":{"line":24,"column":8},"end":{"line":24,"column":34}},"14":{"start":{"line":26,"column":26},"end":{"line":33,"column":7}},"15":{"start":{"line":35,"column":6},"end":{"line":35,"column":29}},"16":{"start":{"line":37,"column":6},"end":{"line":37,"column":18}},"17":{"start":{"line":42,"column":4},"end":{"line":42,"column":54}},"18":{"start":{"line":46,"column":0},"end":{"line":46,"column":29}}},"fnMap":{"0":{"name":"(anonymous_0)","decl":{"start":{"line":7,"column":2},"end":{"line":7,"column":3}},"loc":{"start":{"line":7,"column":16},"end":{"line":9,"column":3}},"line":7},"1":{"name":"(anonymous_1)","decl":{"start":{"line":10,"column":2},"end":{"line":10,"column":3}},"loc":{"start":{"line":10,"column":19},"end":{"line":39,"column":3}},"line":10},"2":{"name":"(anonymous_2)","decl":{"start":{"line":41,"column":2},"end":{"line":41,"column":3}},"loc":{"start":{"line":41,"column":23},"end":{"line":43,"column":3}},"line":41}},"branchMap":{"0":{"loc":{"start":{"line":11,"column":4},"end":{"line":13,"column":5}},"type":"if","locations":[{"start":{"line":11,"column":4},"end":{"line":13,"column":5}},{"start":{},"end":{}}],"line":11},"1":{"loc":{"start":{"line":17,"column":6},"end":{"line":19,"column":7}},"type":"if","locations":[{"start":{"line":17,"column":6},"end":{"line":19,"column":7}},{"start":{},"end":{}}],"line":17},"2":{"loc":{"start":{"line":23,"column":6},"end":{"line":25,"column":7}},"type":"if","locations":[{"start":{"line":23,"column":6},"end":{"line":25,"column":7}},{"start":{},"end":{}}],"line":23}},"s":{"0":5,"1":5,"2":5,"3":5,"4":5,"5":9,"6":1,"7":8,"8":8,"9":8,"10":1,"11":7,"12":7,"13":1,"14":6,"15":6,"16":2,"17":2,"18":5},"f":{"0":5,"1":9,"2":2},"b":{"0":[1,8],"1":[1,7],"2":[1,6]},"_coverageSchema":"1a1c01bbd47fc00a2c39e90264f33305004495a9","hash":"17356899aa9317dbbfa6a52df962f4ef430d72bc"}
,"C:\\Users\\cbris\\Desktop\\Alura\\Projetos Alura\\BackEnd NodeJS\\BackEnd Node.JS-API-JWT\\api\\services\\permissaoService.js": {"path":"C:\\Users\\cbris\\Desktop\\Alura\\Projetos Alura\\BackEnd NodeJS\\BackEnd Node.JS-API-JWT\\api\\services\\permissaoService.js","statementMap":{"0":{"start":{"line":2,"column":17},"end":{"line":2,"column":38}},"1":{"start":{"line":3,"column":19},"end":{"line":3,"column":54}},"2":{"start":{"line":4,"column":23},"end":{"line":4,"column":38}},"3":{"start":{"line":7,"column":4},"end":{"line":7,"column":24}},"4":{"start":{"line":10,"column":4},"end":{"line":27,"column":5}},"5":{"start":{"line":12,"column":24},"end":{"line":12,"column":61}},"6":{"start":{"line":14,"column":6},"end":{"line":16,"column":7}},"7":{"start":{"line":15,"column":8},"end":{"line":15,"column":61}},"8":{"start":{"line":18,"column":28},"end":{"line":22,"column":8}},"9":{"start":{"line":24,"column":6},"end":{"line":24,"column":27}},"10":{"start":{"line":26,"column":6},"end":{"line":26,"column":18}},"11":{"start":{"line":31,"column":4},"end":{"line":36,"column":5}},"12":{"start":{"line":32,"column":23},"end":{"line":32,"column":45}},"13":{"start":{"line":33,"column":6},"end":{"line":33,"column":22}},"14":{"start":{"line":35,"column":6},"end":{"line":35,"column":18}},"15":{"start":{"line":40,"column":4},"end":{"line":46,"column":5}},"16":{"start":{"line":41,"column":19},"end":{"line":41,"column":38}},"17":{"start":{"line":43,"column":6},"end":{"line":43,"column":18}},"18":{"start":{"line":45,"column":6},"end":{"line":45,"column":18}},"19":{"start":{"line":50,"column":4},"end":{"line":58,"column":5}},"20":{"start":{"line":51,"column":6},"end":{"line":51,"column":32}},"21":{"start":{"line":53,"column":26},"end":{"line":53,"column":58}},"22":{"start":{"line":55,"column":6},"end":{"line":55,"column":25}},"23":{"start":{"line":57,"column":6},"end":{"line":57,"column":18}},"24":{"start":{"line":62,"column":4},"end":{"line":68,"column":5}},"25":{"start":{"line":63,"column":24},"end":{"line":63,"column":51}},"26":{"start":{"line":65,"column":6},"end":{"line":65,"column":33}},"27":{"start":{"line":65,"column":21},"end":{"line":65,"column":33}},"28":{"start":{"line":67,"column":6},"end":{"line":67,"column":18}},"29":{"start":{"line":72,"column":0},"end":{"line":72,"column":34}}},"fnMap":{"0":{"name":"(anonymous_0)","decl":{"start":{"line":6,"column":2},"end":{"line":6,"column":3}},"loc":{"start":{"line":6,"column":16},"end":{"line":8,"column":3}},"line":6},"1":{"name":"(anonymous_1)","decl":{"start":{"line":9,"column":2},"end":{"line":9,"column":3}},"loc":{"start":{"line":9,"column":23},"end":{"line":28,"column":3}},"line":9},"2":{"name":"(anonymous_2)","decl":{"start":{"line":30,"column":2},"end":{"line":30,"column":3}},"loc":{"start":{"line":30,"column":22},"end":{"line":37,"column":3}},"line":30},"3":{"name":"(anonymous_3)","decl":{"start":{"line":39,"column":2},"end":{"line":39,"column":3}},"loc":{"start":{"line":39,"column":24},"end":{"line":47,"column":3}},"line":39},"4":{"name":"(anonymous_4)","decl":{"start":{"line":49,"column":2},"end":{"line":49,"column":3}},"loc":{"start":{"line":49,"column":27},"end":{"line":59,"column":3}},"line":49},"5":{"name":"(anonymous_5)","decl":{"start":{"line":61,"column":2},"end":{"line":61,"column":3}},"loc":{"start":{"line":61,"column":20},"end":{"line":69,"column":3}},"line":61}},"branchMap":{"0":{"loc":{"start":{"line":14,"column":6},"end":{"line":16,"column":7}},"type":"if","locations":[{"start":{"line":14,"column":6},"end":{"line":16,"column":7}},{"start":{},"end":{}}],"line":14},"1":{"loc":{"start":{"line":65,"column":6},"end":{"line":65,"column":33}},"type":"if","locations":[{"start":{"line":65,"column":6},"end":{"line":65,"column":33}},{"start":{},"end":{}}],"line":65}},"s":{"0":5,"1":5,"2":5,"3":5,"4":2,"5":2,"6":2,"7":1,"8":1,"9":1,"10":1,"11":2,"12":2,"13":2,"14":0,"15":1,"16":1,"17":1,"18":0,"19":0,"20":0,"21":0,"22":0,"23":0,"24":1,"25":1,"26":1,"27":1,"28":0,"29":5},"f":{"0":5,"1":2,"2":2,"3":1,"4":0,"5":1},"b":{"0":[1,1],"1":[1,0]},"_coverageSchema":"1a1c01bbd47fc00a2c39e90264f33305004495a9","hash":"bf5ac18d836a8427a9f6ee950053bf21516969cb"}
,"C:\\Users\\cbris\\Desktop\\Alura\\Projetos Alura\\BackEnd NodeJS\\BackEnd Node.JS-API-JWT\\api\\services\\produtoService.js": {"path":"C:\\Users\\cbris\\Desktop\\Alura\\Projetos Alura\\BackEnd NodeJS\\BackEnd Node.JS-API-JWT\\api\\services\\produtoService.js","statementMap":{"0":{"start":{"line":2,"column":23},"end":{"line":2,"column":38}},"1":{"start":{"line":3,"column":17},"end":{"line":3,"column":38}},"2":{"start":{"line":4,"column":19},"end":{"line":4,"column":54}},"3":{"start":{"line":8,"column":4},"end":{"line":8,"column":22}},"4":{"start":{"line":13,"column":4},"end":{"line":31,"column":5}},"5":{"start":{"line":15,"column":31},"end":{"line":15,"column":68}},"6":{"start":{"line":18,"column":6},"end":{"line":20,"column":7}},"7":{"start":{"line":19,"column":8},"end":{"line":19,"column":94}},"8":{"start":{"line":21,"column":25},"end":{"line":26,"column":8}},"9":{"start":{"line":28,"column":6},"end":{"line":28,"column":24}},"10":{"start":{"line":30,"column":6},"end":{"line":30,"column":18}},"11":{"start":{"line":35,"column":4},"end":{"line":41,"column":5}},"12":{"start":{"line":36,"column":23},"end":{"line":36,"column":51}},"13":{"start":{"line":38,"column":6},"end":{"line":38,"column":22}},"14":{"start":{"line":40,"column":6},"end":{"line":40,"column":18}},"15":{"start":{"line":45,"column":4},"end":{"line":51,"column":5}},"16":{"start":{"line":46,"column":22},"end":{"line":46,"column":47}},"17":{"start":{"line":48,"column":6},"end":{"line":48,"column":21}},"18":{"start":{"line":50,"column":6},"end":{"line":50,"column":18}},"19":{"start":{"line":55,"column":4},"end":{"line":63,"column":5}},"20":{"start":{"line":57,"column":24},"end":{"line":57,"column":57}},"21":{"start":{"line":60,"column":6},"end":{"line":60,"column":33}},"22":{"start":{"line":60,"column":21},"end":{"line":60,"column":33}},"23":{"start":{"line":62,"column":6},"end":{"line":62,"column":18}},"24":{"start":{"line":67,"column":4},"end":{"line":85,"column":5}},"25":{"start":{"line":69,"column":28},"end":{"line":69,"column":65}},"26":{"start":{"line":72,"column":6},"end":{"line":74,"column":7}},"27":{"start":{"line":73,"column":8},"end":{"line":73,"column":94}},"28":{"start":{"line":76,"column":31},"end":{"line":76,"column":56}},"29":{"start":{"line":78,"column":33},"end":{"line":78,"column":73}},"30":{"start":{"line":80,"column":29},"end":{"line":80,"column":82}},"31":{"start":{"line":82,"column":6},"end":{"line":82,"column":28}},"32":{"start":{"line":84,"column":6},"end":{"line":84,"column":18}},"33":{"start":{"line":89,"column":0},"end":{"line":89,"column":32}}},"fnMap":{"0":{"name":"(anonymous_0)","decl":{"start":{"line":7,"column":2},"end":{"line":7,"column":3}},"loc":{"start":{"line":7,"column":16},"end":{"line":9,"column":3}},"line":7},"1":{"name":"(anonymous_1)","decl":{"start":{"line":12,"column":2},"end":{"line":12,"column":3}},"loc":{"start":{"line":12,"column":23},"end":{"line":32,"column":3}},"line":12},"2":{"name":"(anonymous_2)","decl":{"start":{"line":34,"column":2},"end":{"line":34,"column":3}},"loc":{"start":{"line":34,"column":22},"end":{"line":42,"column":3}},"line":34},"3":{"name":"(anonymous_3)","decl":{"start":{"line":44,"column":2},"end":{"line":44,"column":3}},"loc":{"start":{"line":44,"column":24},"end":{"line":52,"column":3}},"line":44},"4":{"name":"(anonymous_4)","decl":{"start":{"line":54,"column":2},"end":{"line":54,"column":3}},"loc":{"start":{"line":54,"column":20},"end":{"line":64,"column":3}},"line":54},"5":{"name":"(anonymous_5)","decl":{"start":{"line":66,"column":2},"end":{"line":66,"column":3}},"loc":{"start":{"line":66,"column":27},"end":{"line":86,"column":3}},"line":66}},"branchMap":{"0":{"loc":{"start":{"line":18,"column":6},"end":{"line":20,"column":7}},"type":"if","locations":[{"start":{"line":18,"column":6},"end":{"line":20,"column":7}},{"start":{},"end":{}}],"line":18},"1":{"loc":{"start":{"line":60,"column":6},"end":{"line":60,"column":33}},"type":"if","locations":[{"start":{"line":60,"column":6},"end":{"line":60,"column":33}},{"start":{},"end":{}}],"line":60},"2":{"loc":{"start":{"line":72,"column":6},"end":{"line":74,"column":7}},"type":"if","locations":[{"start":{"line":72,"column":6},"end":{"line":74,"column":7}},{"start":{},"end":{}}],"line":72}},"s":{"0":7,"1":7,"2":7,"3":6,"4":4,"5":4,"6":4,"7":2,"8":2,"9":2,"10":2,"11":4,"12":4,"13":4,"14":0,"15":1,"16":1,"17":1,"18":0,"19":2,"20":2,"21":2,"22":2,"23":0,"24":2,"25":2,"26":2,"27":0,"28":2,"29":2,"30":2,"31":2,"32":0,"33":7},"f":{"0":6,"1":4,"2":4,"3":1,"4":2,"5":2},"b":{"0":[2,2],"1":[2,0],"2":[0,2]},"_coverageSchema":"1a1c01bbd47fc00a2c39e90264f33305004495a9","hash":"27cfa3c26dff43df6f583cb8b2c52bc3fa2c115b"}
,"C:\\Users\\cbris\\Desktop\\Alura\\Projetos Alura\\BackEnd NodeJS\\BackEnd Node.JS-API-JWT\\api\\services\\roleService.js": {"path":"C:\\Users\\cbris\\Desktop\\Alura\\Projetos Alura\\BackEnd NodeJS\\BackEnd Node.JS-API-JWT\\api\\services\\roleService.js","statementMap":{"0":{"start":{"line":2,"column":17},"end":{"line":2,"column":38}},"1":{"start":{"line":3,"column":19},"end":{"line":3,"column":54}},"2":{"start":{"line":4,"column":23},"end":{"line":4,"column":38}},"3":{"start":{"line":8,"column":4},"end":{"line":8,"column":19}},"4":{"start":{"line":12,"column":4},"end":{"line":29,"column":5}},"5":{"start":{"line":14,"column":19},"end":{"line":14,"column":56}},"6":{"start":{"line":16,"column":6},"end":{"line":18,"column":7}},"7":{"start":{"line":17,"column":8},"end":{"line":17,"column":56}},"8":{"start":{"line":20,"column":23},"end":{"line":24,"column":8}},"9":{"start":{"line":26,"column":6},"end":{"line":26,"column":22}},"10":{"start":{"line":28,"column":6},"end":{"line":28,"column":18}},"11":{"start":{"line":33,"column":4},"end":{"line":38,"column":5}},"12":{"start":{"line":34,"column":23},"end":{"line":34,"column":45}},"13":{"start":{"line":35,"column":6},"end":{"line":35,"column":22}},"14":{"start":{"line":37,"column":6},"end":{"line":37,"column":18}},"15":{"start":{"line":42,"column":4},"end":{"line":48,"column":5}},"16":{"start":{"line":43,"column":19},"end":{"line":43,"column":38}},"17":{"start":{"line":45,"column":6},"end":{"line":45,"column":18}},"18":{"start":{"line":47,"column":6},"end":{"line":47,"column":18}},"19":{"start":{"line":52,"column":4},"end":{"line":60,"column":5}},"20":{"start":{"line":53,"column":6},"end":{"line":53,"column":32}},"21":{"start":{"line":55,"column":26},"end":{"line":55,"column":58}},"22":{"start":{"line":57,"column":6},"end":{"line":57,"column":25}},"23":{"start":{"line":59,"column":6},"end":{"line":59,"column":18}},"24":{"start":{"line":64,"column":4},"end":{"line":70,"column":5}},"25":{"start":{"line":65,"column":24},"end":{"line":65,"column":51}},"26":{"start":{"line":67,"column":6},"end":{"line":67,"column":33}},"27":{"start":{"line":67,"column":21},"end":{"line":67,"column":33}},"28":{"start":{"line":69,"column":6},"end":{"line":69,"column":18}},"29":{"start":{"line":74,"column":0},"end":{"line":74,"column":29}}},"fnMap":{"0":{"name":"(anonymous_0)","decl":{"start":{"line":7,"column":2},"end":{"line":7,"column":3}},"loc":{"start":{"line":7,"column":16},"end":{"line":9,"column":3}},"line":7},"1":{"name":"(anonymous_1)","decl":{"start":{"line":11,"column":2},"end":{"line":11,"column":3}},"loc":{"start":{"line":11,"column":23},"end":{"line":30,"column":3}},"line":11},"2":{"name":"(anonymous_2)","decl":{"start":{"line":32,"column":2},"end":{"line":32,"column":3}},"loc":{"start":{"line":32,"column":22},"end":{"line":39,"column":3}},"line":32},"3":{"name":"(anonymous_3)","decl":{"start":{"line":41,"column":2},"end":{"line":41,"column":3}},"loc":{"start":{"line":41,"column":24},"end":{"line":49,"column":3}},"line":41},"4":{"name":"(anonymous_4)","decl":{"start":{"line":51,"column":2},"end":{"line":51,"column":3}},"loc":{"start":{"line":51,"column":27},"end":{"line":61,"column":3}},"line":51},"5":{"name":"(anonymous_5)","decl":{"start":{"line":63,"column":2},"end":{"line":63,"column":3}},"loc":{"start":{"line":63,"column":20},"end":{"line":71,"column":3}},"line":63}},"branchMap":{"0":{"loc":{"start":{"line":16,"column":6},"end":{"line":18,"column":7}},"type":"if","locations":[{"start":{"line":16,"column":6},"end":{"line":18,"column":7}},{"start":{},"end":{}}],"line":16},"1":{"loc":{"start":{"line":67,"column":6},"end":{"line":67,"column":33}},"type":"if","locations":[{"start":{"line":67,"column":6},"end":{"line":67,"column":33}},{"start":{},"end":{}}],"line":67}},"s":{"0":5,"1":5,"2":5,"3":5,"4":2,"5":2,"6":2,"7":1,"8":1,"9":1,"10":1,"11":2,"12":2,"13":2,"14":0,"15":1,"16":1,"17":1,"18":0,"19":0,"20":0,"21":0,"22":0,"23":0,"24":1,"25":1,"26":1,"27":1,"28":0,"29":5},"f":{"0":5,"1":2,"2":2,"3":1,"4":0,"5":1},"b":{"0":[1,1],"1":[1,0]},"_coverageSchema":"1a1c01bbd47fc00a2c39e90264f33305004495a9","hash":"6e72c06fb668036d334ae5263cdb94f9f839d7bd"}
,"C:\\Users\\cbris\\Desktop\\Alura\\Projetos Alura\\BackEnd NodeJS\\BackEnd Node.JS-API-JWT\\api\\services\\segurancaService.js": {"path":"C:\\Users\\cbris\\Desktop\\Alura\\Projetos Alura\\BackEnd NodeJS\\BackEnd Node.JS-API-JWT\\api\\services\\segurancaService.js","statementMap":{"0":{"start":{"line":1,"column":20},"end":{"line":1,"column":52}},"1":{"start":{"line":2,"column":17},"end":{"line":2,"column":37}},"2":{"start":{"line":3,"column":18},"end":{"line":3,"column":47}},"3":{"start":{"line":4,"column":18},"end":{"line":4,"column":38}},"4":{"start":{"line":5,"column":67},"end":{"line":5,"column":109}},"5":{"start":{"line":10,"column":27},"end":{"line":10,"column":67}},"6":{"start":{"line":12,"column":4},"end":{"line":14,"column":7}},"7":{"start":{"line":19,"column":27},"end":{"line":19,"column":67}},"8":{"start":{"line":21,"column":4},"end":{"line":23,"column":7}},"9":{"start":{"line":26,"column":4},"end":{"line":55,"column":5}},"10":{"start":{"line":27,"column":35},"end":{"line":27,"column":38}},"11":{"start":{"line":29,"column":19},"end":{"line":29,"column":60}},"12":{"start":{"line":31,"column":6},"end":{"line":33,"column":7}},"13":{"start":{"line":32,"column":8},"end":{"line":32,"column":59}},"14":{"start":{"line":35,"column":31},"end":{"line":41,"column":8}},"15":{"start":{"line":44,"column":6},"end":{"line":44,"column":52}},"16":{"start":{"line":47,"column":6},"end":{"line":50,"column":7}},"17":{"start":{"line":48,"column":37},"end":{"line":48,"column":73}},"18":{"start":{"line":49,"column":8},"end":{"line":49,"column":63}},"19":{"start":{"line":52,"column":6},"end":{"line":52,"column":54}},"20":{"start":{"line":54,"column":6},"end":{"line":54,"column":25}},"21":{"start":{"line":59,"column":4},"end":{"line":82,"column":5}},"22":{"start":{"line":60,"column":37},"end":{"line":60,"column":40}},"23":{"start":{"line":62,"column":19},"end":{"line":62,"column":57}},"24":{"start":{"line":64,"column":6},"end":{"line":66,"column":7}},"25":{"start":{"line":65,"column":8},"end":{"line":65,"column":56}},"26":{"start":{"line":68,"column":36},"end":{"line":74,"column":8}},"27":{"start":{"line":76,"column":6},"end":{"line":76,"column":64}},"28":{"start":{"line":79,"column":6},"end":{"line":79,"column":51}},"29":{"start":{"line":81,"column":6},"end":{"line":81,"column":25}},"30":{"start":{"line":86,"column":0},"end":{"line":86,"column":34}}},"fnMap":{"0":{"name":"(anonymous_0)","decl":{"start":{"line":9,"column":2},"end":{"line":9,"column":3}},"loc":{"start":{"line":9,"column":47},"end":{"line":15,"column":3}},"line":9},"1":{"name":"(anonymous_1)","decl":{"start":{"line":18,"column":2},"end":{"line":18,"column":3}},"loc":{"start":{"line":18,"column":47},"end":{"line":24,"column":3}},"line":18},"2":{"name":"(anonymous_2)","decl":{"start":{"line":25,"column":2},"end":{"line":25,"column":3}},"loc":{"start":{"line":25,"column":26},"end":{"line":56,"column":3}},"line":25},"3":{"name":"(anonymous_3)","decl":{"start":{"line":58,"column":2},"end":{"line":58,"column":3}},"loc":{"start":{"line":58,"column":38},"end":{"line":83,"column":3}},"line":58}},"branchMap":{"0":{"loc":{"start":{"line":9,"column":25},"end":{"line":9,"column":45}},"type":"default-arg","locations":[{"start":{"line":9,"column":40},"end":{"line":9,"column":45}}],"line":9},"1":{"loc":{"start":{"line":18,"column":25},"end":{"line":18,"column":45}},"type":"default-arg","locations":[{"start":{"line":18,"column":40},"end":{"line":18,"column":45}}],"line":18},"2":{"loc":{"start":{"line":31,"column":6},"end":{"line":33,"column":7}},"type":"if","locations":[{"start":{"line":31,"column":6},"end":{"line":33,"column":7}},{"start":{},"end":{}}],"line":31},"3":{"loc":{"start":{"line":64,"column":6},"end":{"line":66,"column":7}},"type":"if","locations":[{"start":{"line":64,"column":6},"end":{"line":66,"column":7}},{"start":{},"end":{}}],"line":64}},"s":{"0":5,"1":5,"2":5,"3":5,"4":5,"5":0,"6":0,"7":0,"8":0,"9":0,"10":0,"11":0,"12":0,"13":0,"14":0,"15":0,"16":0,"17":0,"18":0,"19":0,"20":0,"21":0,"22":0,"23":0,"24":0,"25":0,"26":0,"27":0,"28":0,"29":0,"30":5},"f":{"0":0,"1":0,"2":0,"3":0},"b":{"0":[0],"1":[0],"2":[0,0],"3":[0,0]},"_coverageSchema":"1a1c01bbd47fc00a2c39e90264f33305004495a9","hash":"2a51c6570345d5b80cd116c3562ee9cc06f0ac22"}
,"C:\\Users\\cbris\\Desktop\\Alura\\Projetos Alura\\BackEnd NodeJS\\BackEnd Node.JS-API-JWT\\api\\services\\usuarioService.js": {"path":"C:\\Users\\cbris\\Desktop\\Alura\\Projetos Alura\\BackEnd NodeJS\\BackEnd Node.JS-API-JWT\\api\\services\\usuarioService.js","statementMap":{"0":{"start":{"line":2,"column":23},"end":{"line":2,"column":38}},"1":{"start":{"line":3,"column":17},"end":{"line":3,"column":36}},"2":{"start":{"line":4,"column":17},"end":{"line":4,"column":38}},"3":{"start":{"line":5,"column":19},"end":{"line":5,"column":54}},"4":{"start":{"line":6,"column":39},"end":{"line":6,"column":81}},"5":{"start":{"line":10,"column":4},"end":{"line":10,"column":22}},"6":{"start":{"line":13,"column":4},"end":{"line":34,"column":5}},"7":{"start":{"line":15,"column":22},"end":{"line":15,"column":61}},"8":{"start":{"line":17,"column":6},"end":{"line":19,"column":7}},"9":{"start":{"line":18,"column":8},"end":{"line":18,"column":94}},"10":{"start":{"line":21,"column":24},"end":{"line":21,"column":48}},"11":{"start":{"line":24,"column":26},"end":{"line":29,"column":8}},"12":{"start":{"line":31,"column":6},"end":{"line":31,"column":25}},"13":{"start":{"line":33,"column":6},"end":{"line":33,"column":18}},"14":{"start":{"line":38,"column":4},"end":{"line":44,"column":5}},"15":{"start":{"line":39,"column":29},"end":{"line":39,"column":61}},"16":{"start":{"line":40,"column":23},"end":{"line":40,"column":63}},"17":{"start":{"line":41,"column":6},"end":{"line":41,"column":22}},"18":{"start":{"line":43,"column":6},"end":{"line":43,"column":18}},"19":{"start":{"line":48,"column":4},"end":{"line":54,"column":5}},"20":{"start":{"line":49,"column":19},"end":{"line":49,"column":38}},"21":{"start":{"line":51,"column":6},"end":{"line":51,"column":18}},"22":{"start":{"line":53,"column":6},"end":{"line":53,"column":18}},"23":{"start":{"line":58,"column":4},"end":{"line":66,"column":5}},"24":{"start":{"line":59,"column":6},"end":{"line":59,"column":32}},"25":{"start":{"line":61,"column":26},"end":{"line":61,"column":58}},"26":{"start":{"line":63,"column":6},"end":{"line":63,"column":25}},"27":{"start":{"line":65,"column":6},"end":{"line":65,"column":18}},"28":{"start":{"line":70,"column":4},"end":{"line":76,"column":5}},"29":{"start":{"line":71,"column":24},"end":{"line":71,"column":51}},"30":{"start":{"line":73,"column":6},"end":{"line":73,"column":33}},"31":{"start":{"line":73,"column":21},"end":{"line":73,"column":33}},"32":{"start":{"line":75,"column":6},"end":{"line":75,"column":18}},"33":{"start":{"line":80,"column":0},"end":{"line":80,"column":32}}},"fnMap":{"0":{"name":"(anonymous_0)","decl":{"start":{"line":9,"column":2},"end":{"line":9,"column":3}},"loc":{"start":{"line":9,"column":16},"end":{"line":11,"column":3}},"line":9},"1":{"name":"(anonymous_1)","decl":{"start":{"line":12,"column":2},"end":{"line":12,"column":3}},"loc":{"start":{"line":12,"column":23},"end":{"line":35,"column":3}},"line":12},"2":{"name":"(anonymous_2)","decl":{"start":{"line":37,"column":2},"end":{"line":37,"column":3}},"loc":{"start":{"line":37,"column":22},"end":{"line":45,"column":3}},"line":37},"3":{"name":"(anonymous_3)","decl":{"start":{"line":47,"column":2},"end":{"line":47,"column":3}},"loc":{"start":{"line":47,"column":24},"end":{"line":55,"column":3}},"line":47},"4":{"name":"(anonymous_4)","decl":{"start":{"line":57,"column":2},"end":{"line":57,"column":3}},"loc":{"start":{"line":57,"column":27},"end":{"line":67,"column":3}},"line":57},"5":{"name":"(anonymous_5)","decl":{"start":{"line":69,"column":2},"end":{"line":69,"column":3}},"loc":{"start":{"line":69,"column":20},"end":{"line":77,"column":3}},"line":69}},"branchMap":{"0":{"loc":{"start":{"line":17,"column":6},"end":{"line":19,"column":7}},"type":"if","locations":[{"start":{"line":17,"column":6},"end":{"line":19,"column":7}},{"start":{},"end":{}}],"line":17},"1":{"loc":{"start":{"line":73,"column":6},"end":{"line":73,"column":33}},"type":"if","locations":[{"start":{"line":73,"column":6},"end":{"line":73,"column":33}},{"start":{},"end":{}}],"line":73}},"s":{"0":5,"1":5,"2":5,"3":5,"4":5,"5":5,"6":3,"7":3,"8":3,"9":1,"10":2,"11":2,"12":2,"13":1,"14":2,"15":2,"16":2,"17":2,"18":0,"19":0,"20":0,"21":0,"22":0,"23":1,"24":1,"25":1,"26":1,"27":0,"28":2,"29":2,"30":2,"31":2,"32":0,"33":5},"f":{"0":5,"1":3,"2":2,"3":0,"4":1,"5":2},"b":{"0":[1,2],"1":[2,0]},"_coverageSchema":"1a1c01bbd47fc00a2c39e90264f33305004495a9","hash":"870f573fa5e41e0f9675e4d1676eec357eea0fa4"}
,"C:\\Users\\cbris\\Desktop\\Alura\\Projetos Alura\\BackEnd NodeJS\\BackEnd Node.JS-API-JWT\\api\\utils\\errorBadRequest.js": {"path":"C:\\Users\\cbris\\Desktop\\Alura\\Projetos Alura\\BackEnd NodeJS\\BackEnd Node.JS-API-JWT\\api\\utils\\errorBadRequest.js","statementMap":{"0":{"start":{"line":1,"column":18},"end":{"line":1,"column":47}},"1":{"start":{"line":3,"column":19},"end":{"line":5,"column":1}},"2":{"start":{"line":4,"column":2},"end":{"line":4,"column":46}},"3":{"start":{"line":7,"column":0},"end":{"line":7,"column":28}}},"fnMap":{"0":{"name":"(anonymous_0)","decl":{"start":{"line":3,"column":19},"end":{"line":3,"column":20}},"loc":{"start":{"line":3,"column":52},"end":{"line":5,"column":1}},"line":3}},"branchMap":{"0":{"loc":{"start":{"line":3,"column":35},"end":{"line":3,"column":47}},"type":"default-arg","locations":[{"start":{"line":3,"column":45},"end":{"line":3,"column":47}}],"line":3}},"s":{"0":8,"1":8,"2":6,"3":8},"f":{"0":6},"b":{"0":[0]},"_coverageSchema":"1a1c01bbd47fc00a2c39e90264f33305004495a9","hash":"41c2612be13be67a8cd886b9b741bc723bd43d19"}
,"C:\\Users\\cbris\\Desktop\\Alura\\Projetos Alura\\BackEnd NodeJS\\BackEnd Node.JS-API-JWT\\api\\utils\\errorHandler.js": {"path":"C:\\Users\\cbris\\Desktop\\Alura\\Projetos Alura\\BackEnd NodeJS\\BackEnd Node.JS-API-JWT\\api\\utils\\errorHandler.js","statementMap":{"0":{"start":{"line":1,"column":66},"end":{"line":1,"column":86}},"1":{"start":{"line":2,"column":18},"end":{"line":2,"column":47}},"2":{"start":{"line":4,"column":20},"end":{"line":30,"column":1}},"3":{"start":{"line":6,"column":2},"end":{"line":12,"column":3}},"4":{"start":{"line":7,"column":4},"end":{"line":11,"column":6}},"5":{"start":{"line":10,"column":30},"end":{"line":10,"column":39}},"6":{"start":{"line":15,"column":2},"end":{"line":21,"column":3}},"7":{"start":{"line":16,"column":4},"end":{"line":20,"column":6}},"8":{"start":{"line":19,"column":30},"end":{"line":19,"column":39}},"9":{"start":{"line":24,"column":2},"end":{"line":26,"column":3}},"10":{"start":{"line":25,"column":4},"end":{"line":25,"column":126}},"11":{"start":{"line":29,"column":2},"end":{"line":29,"column":96}},"12":{"start":{"line":32,"column":0},"end":{"line":32,"column":29}}},"fnMap":{"0":{"name":"(anonymous_0)","decl":{"start":{"line":4,"column":20},"end":{"line":4,"column":21}},"loc":{"start":{"line":4,"column":31},"end":{"line":30,"column":1}},"line":4},"1":{"name":"(anonymous_1)","decl":{"start":{"line":10,"column":23},"end":{"line":10,"column":24}},"loc":{"start":{"line":10,"column":30},"end":{"line":10,"column":39}},"line":10},"2":{"name":"(anonymous_2)","decl":{"start":{"line":19,"column":23},"end":{"line":19,"column":24}},"loc":{"start":{"line":19,"column":30},"end":{"line":19,"column":39}},"line":19}},"branchMap":{"0":{"loc":{"start":{"line":6,"column":2},"end":{"line":12,"column":3}},"type":"if","locations":[{"start":{"line":6,"column":2},"end":{"line":12,"column":3}},{"start":{},"end":{}}],"line":6},"1":{"loc":{"start":{"line":15,"column":2},"end":{"line":21,"column":3}},"type":"if","locations":[{"start":{"line":15,"column":2},"end":{"line":21,"column":3}},{"start":{},"end":{}}],"line":15},"2":{"loc":{"start":{"line":24,"column":2},"end":{"line":26,"column":3}},"type":"if","locations":[{"start":{"line":24,"column":2},"end":{"line":26,"column":3}},{"start":{},"end":{}}],"line":24},"3":{"loc":{"start":{"line":25,"column":63},"end":{"line":25,"column":124}},"type":"cond-expr","locations":[{"start":{"line":25,"column":80},"end":{"line":25,"column":102}},{"start":{"line":25,"column":105},"end":{"line":25,"column":124}}],"line":25},"4":{"loc":{"start":{"line":29,"column":58},"end":{"line":29,"column":94}},"type":"binary-expr","locations":[{"start":{"line":29,"column":58},"end":{"line":29,"column":71}},{"start":{"line":29,"column":75},"end":{"line":29,"column":94}}],"line":29}},"s":{"0":9,"1":9,"2":9,"3":5,"4":2,"5":2,"6":3,"7":0,"8":0,"9":3,"10":0,"11":3,"12":9},"f":{"0":5,"1":2,"2":0},"b":{"0":[2,3],"1":[0,3],"2":[0,3],"3":[0,0],"4":[3,0]},"_coverageSchema":"1a1c01bbd47fc00a2c39e90264f33305004495a9","hash":"10cbcad011106c92b22df613de56ae9fba4773c0"}
,"C:\\Users\\cbris\\Desktop\\Alura\\Projetos Alura\\BackEnd NodeJS\\BackEnd Node.JS-API-JWT\\api\\utils\\generateIncludeOptions.js": {"path":"C:\\Users\\cbris\\Desktop\\Alura\\Projetos Alura\\BackEnd NodeJS\\BackEnd Node.JS-API-JWT\\api\\utils\\generateIncludeOptions.js","statementMap":{"0":{"start":{"line":1,"column":17},"end":{"line":1,"column":37}},"1":{"start":{"line":2,"column":18},"end":{"line":2,"column":48}},"2":{"start":{"line":4,"column":35},"end":{"line":17,"column":1}},"3":{"start":{"line":4,"column":61},"end":{"line":17,"column":1}},"4":{"start":{"line":19,"column":35},"end":{"line":26,"column":1}},"5":{"start":{"line":19,"column":61},"end":{"line":26,"column":1}},"6":{"start":{"line":28,"column":0},"end":{"line":28,"column":76}}},"fnMap":{"0":{"name":"(anonymous_0)","decl":{"start":{"line":4,"column":35},"end":{"line":4,"column":36}},"loc":{"start":{"line":4,"column":61},"end":{"line":17,"column":1}},"line":4},"1":{"name":"(anonymous_1)","decl":{"start":{"line":19,"column":35},"end":{"line":19,"column":36}},"loc":{"start":{"line":19,"column":61},"end":{"line":26,"column":1}},"line":19}},"branchMap":{"0":{"loc":{"start":{"line":4,"column":36},"end":{"line":4,"column":56}},"type":"default-arg","locations":[{"start":{"line":4,"column":51},"end":{"line":4,"column":56}}],"line":4},"1":{"loc":{"start":{"line":9,"column":8},"end":{"line":9,"column":84}},"type":"binary-expr","locations":[{"start":{"line":9,"column":8},"end":{"line":9,"column":20}},{"start":{"line":9,"column":24},"end":{"line":9,"column":84}}],"line":9},"2":{"loc":{"start":{"line":15,"column":8},"end":{"line":15,"column":90}},"type":"binary-expr","locations":[{"start":{"line":15,"column":8},"end":{"line":15,"column":20}},{"start":{"line":15,"column":24},"end":{"line":15,"column":90}}],"line":15},"3":{"loc":{"start":{"line":19,"column":36},"end":{"line":19,"column":56}},"type":"default-arg","locations":[{"start":{"line":19,"column":51},"end":{"line":19,"column":56}}],"line":19},"4":{"loc":{"start":{"line":24,"column":8},"end":{"line":24,"column":95}},"type":"binary-expr","locations":[{"start":{"line":24,"column":8},"end":{"line":24,"column":20}},{"start":{"line":24,"column":24},"end":{"line":24,"column":95}}],"line":24}},"s":{"0":5,"1":5,"2":5,"3":2,"4":5,"5":0,"6":5},"f":{"0":2,"1":0},"b":{"0":[0],"1":[2,2],"2":[2,2],"3":[0],"4":[0,0]},"_coverageSchema":"1a1c01bbd47fc00a2c39e90264f33305004495a9","hash":"b05816d19c5247a7cbc7d8cb2ca3f21526f479f2"}
,"C:\\Users\\cbris\\Desktop\\Alura\\Projetos Alura\\BackEnd NodeJS\\BackEnd Node.JS-API-JWT\\api\\validacoes\\index.js": {"path":"C:\\Users\\cbris\\Desktop\\Alura\\Projetos Alura\\BackEnd NodeJS\\BackEnd Node.JS-API-JWT\\api\\validacoes\\index.js","statementMap":{"0":{"start":{"line":1,"column":55},"end":{"line":1,"column":84}},"1":{"start":{"line":2,"column":55},"end":{"line":2,"column":84}},"2":{"start":{"line":3,"column":23},"end":{"line":3,"column":49}},"3":{"start":{"line":4,"column":28},"end":{"line":4,"column":59}},"4":{"start":{"line":6,"column":0},"end":{"line":13,"column":2}}},"fnMap":{},"branchMap":{},"s":{"0":5,"1":5,"2":5,"3":5,"4":5},"f":{},"b":{},"_coverageSchema":"1a1c01bbd47fc00a2c39e90264f33305004495a9","hash":"a6e629b38bff88fa10bcd57607e95281062f57f7"}
,"C:\\Users\\cbris\\Desktop\\Alura\\Projetos Alura\\BackEnd NodeJS\\BackEnd Node.JS-API-JWT\\api\\validacoes\\permissaoValidacao.js": {"path":"C:\\Users\\cbris\\Desktop\\Alura\\Projetos Alura\\BackEnd NodeJS\\BackEnd Node.JS-API-JWT\\api\\validacoes\\permissaoValidacao.js","statementMap":{"0":{"start":{"line":1,"column":12},"end":{"line":1,"column":26}},"1":{"start":{"line":3,"column":24},"end":{"line":13,"column":2}},"2":{"start":{"line":15,"column":0},"end":{"line":17,"column":2}}},"fnMap":{},"branchMap":{},"s":{"0":5,"1":5,"2":5},"f":{},"b":{},"_coverageSchema":"1a1c01bbd47fc00a2c39e90264f33305004495a9","hash":"2c525a8b513ef59df3244b721e5f9d75119c92b9"}
,"C:\\Users\\cbris\\Desktop\\Alura\\Projetos Alura\\BackEnd NodeJS\\BackEnd Node.JS-API-JWT\\api\\validacoes\\produtoValidacao.js": {"path":"C:\\Users\\cbris\\Desktop\\Alura\\Projetos Alura\\BackEnd NodeJS\\BackEnd Node.JS-API-JWT\\api\\validacoes\\produtoValidacao.js","statementMap":{"0":{"start":{"line":2,"column":12},"end":{"line":2,"column":26}},"1":{"start":{"line":4,"column":27},"end":{"line":24,"column":53}},"2":{"start":{"line":26,"column":31},"end":{"line":32,"column":53}},"3":{"start":{"line":34,"column":0},"end":{"line":37,"column":2}}},"fnMap":{},"branchMap":{},"s":{"0":5,"1":5,"2":5,"3":5},"f":{},"b":{},"_coverageSchema":"1a1c01bbd47fc00a2c39e90264f33305004495a9","hash":"b3cf88a43468a50859b8f5155d074be99a02e95f"}
,"C:\\Users\\cbris\\Desktop\\Alura\\Projetos Alura\\BackEnd NodeJS\\BackEnd Node.JS-API-JWT\\api\\validacoes\\roleValidacao.js": {"path":"C:\\Users\\cbris\\Desktop\\Alura\\Projetos Alura\\BackEnd NodeJS\\BackEnd Node.JS-API-JWT\\api\\validacoes\\roleValidacao.js","statementMap":{"0":{"start":{"line":1,"column":12},"end":{"line":1,"column":26}},"1":{"start":{"line":3,"column":19},"end":{"line":13,"column":2}},"2":{"start":{"line":15,"column":0},"end":{"line":17,"column":2}}},"fnMap":{},"branchMap":{},"s":{"0":5,"1":5,"2":5},"f":{},"b":{},"_coverageSchema":"1a1c01bbd47fc00a2c39e90264f33305004495a9","hash":"7d1ecf4a5b52d5bc1bbd75b27ce25cd7e5717285"}
,"C:\\Users\\cbris\\Desktop\\Alura\\Projetos Alura\\BackEnd NodeJS\\BackEnd Node.JS-API-JWT\\api\\validacoes\\usuarioValidacao.js": {"path":"C:\\Users\\cbris\\Desktop\\Alura\\Projetos Alura\\BackEnd NodeJS\\BackEnd Node.JS-API-JWT\\api\\validacoes\\usuarioValidacao.js","statementMap":{"0":{"start":{"line":1,"column":12},"end":{"line":1,"column":26}},"1":{"start":{"line":3,"column":27},"end":{"line":21,"column":53}},"2":{"start":{"line":23,"column":31},"end":{"line":38,"column":53}},"3":{"start":{"line":40,"column":0},"end":{"line":43,"column":2}}},"fnMap":{},"branchMap":{},"s":{"0":5,"1":5,"2":5,"3":5},"f":{},"b":{},"_coverageSchema":"1a1c01bbd47fc00a2c39e90264f33305004495a9","hash":"6848b073c6600bc5b7d1d87af1e6f8cf48a73bda"}
}
