TN:
SF:api\index.js
FNF:0
FNH:0
DA:1,5
DA:2,5
DA:3,5
DA:4,5
DA:6,5
DA:7,5
DA:9,5
DA:11,5
DA:15,5
LF:9
LH:9
BRF:0
BRH:0
end_of_record
TN:
SF:api\Error\BaseError.js
FN:2,(anonymous_0)
FNF:1
FNH:1
FNDA:28,(anonymous_0)
DA:3,28
DA:4,28
DA:5,28
DA:6,28
DA:7,28
DA:11,12
LF:6
LH:6
BRDA:2,0,0,9
BRF:1
BRH:1
end_of_record
TN:
SF:api\config\constants.js
FNF:0
FNH:0
DA:1,5
LF:1
LH:1
BRF:0
BRH:0
end_of_record
TN:
SF:api\config\sequelizeTesteConfig.js
FNF:0
FNH:0
DA:3,5
DA:4,5
DA:5,5
DA:7,5
DA:8,5
DA:10,5
DA:11,5
DA:12,5
DA:13,5
DA:14,5
DA:15,5
DA:17,5
DA:19,5
LF:13
LH:13
BRDA:7,0,0,5
BRDA:7,0,1,0
BRDA:10,1,0,5
BRDA:10,1,1,5
BRDA:11,2,0,5
BRDA:11,2,1,5
BRDA:12,3,0,5
BRDA:12,3,1,5
BRDA:13,4,0,5
BRDA:13,4,1,5
BRDA:14,5,0,5
BRDA:14,5,1,5
BRDA:15,6,0,5
BRDA:15,6,1,5
BRF:14
BRH:13
end_of_record
TN:
SF:api\controllers\Controller.js
FN:2,(anonymous_0)
FN:6,(anonymous_1)
FN:15,(anonymous_2)
FN:25,(anonymous_3)
FN:34,(anonymous_4)
FN:49,(anonymous_5)
FN:68,(anonymous_6)
FNF:7
FNH:6
FNDA:26,(anonymous_0)
FNDA:10,(anonymous_1)
FNDA:3,(anonymous_2)
FNDA:0,(anonymous_3)
FNDA:11,(anonymous_4)
FNDA:3,(anonymous_5)
FNDA:6,(anonymous_6)
DA:3,26
DA:7,10
DA:8,10
DA:9,10
DA:11,0
DA:16,3
DA:17,3
DA:18,3
DA:19,3
DA:21,0
DA:26,0
DA:27,0
DA:28,0
DA:30,0
DA:35,11
DA:37,11
DA:38,0
DA:41,11
DA:42,11
DA:43,6
DA:45,5
DA:50,3
DA:51,3
DA:53,3
DA:54,0
DA:57,3
DA:58,3
DA:59,3
DA:60,0
DA:62,3
DA:64,0
DA:69,6
DA:70,6
DA:71,6
DA:72,6
DA:73,6
DA:76,0
DA:81,6
LF:38
LH:27
BRDA:37,0,0,0
BRDA:37,0,1,11
BRDA:37,1,0,11
BRDA:37,1,1,11
BRDA:53,2,0,0
BRDA:53,2,1,3
BRDA:53,3,0,3
BRDA:53,3,1,3
BRDA:59,4,0,0
BRDA:59,4,1,3
BRDA:72,5,0,6
BRDA:72,5,1,0
BRF:12
BRH:8
end_of_record
TN:
SF:api\controllers\authController.js
FN:6,(anonymous_0)
FNF:1
FNH:1
FNDA:9,(anonymous_0)
DA:1,5
DA:3,5
DA:7,9
DA:8,9
DA:9,9
DA:11,6
DA:13,3
DA:18,5
LF:8
LH:8
BRF:0
BRH:0
end_of_record
TN:
SF:api\controllers\permissaoController.js
FN:7,(anonymous_0)
FNF:1
FNH:1
FNDA:5,(anonymous_0)
DA:1,5
DA:2,5
DA:4,5
DA:8,5
DA:12,5
LF:5
LH:5
BRF:0
BRH:0
end_of_record
TN:
SF:api\controllers\produtoController.js
FN:5,(anonymous_0)
FNF:1
FNH:1
FNDA:6,(anonymous_0)
DA:1,6
DA:2,6
DA:6,6
DA:10,6
LF:4
LH:4
BRF:0
BRH:0
end_of_record
TN:
SF:api\controllers\roleController.js
FN:4,(anonymous_0)
FNF:1
FNH:1
FNDA:5,(anonymous_0)
DA:1,5
DA:2,5
DA:5,5
DA:9,5
LF:4
LH:4
BRF:0
BRH:0
end_of_record
TN:
SF:api\controllers\segurancaController.js
FN:6,(anonymous_0)
FN:10,(anonymous_1)
FN:22,(anonymous_2)
FNF:3
FNH:1
FNDA:5,(anonymous_0)
FNDA:0,(anonymous_1)
FNDA:0,(anonymous_2)
DA:1,5
DA:2,5
DA:4,5
DA:7,5
DA:11,0
DA:12,0
DA:13,0
DA:15,0
DA:16,0
DA:18,0
DA:23,0
DA:24,0
DA:26,0
DA:27,0
DA:29,0
DA:34,5
LF:16
LH:5
BRF:0
BRH:0
end_of_record
TN:
SF:api\controllers\usuarioController.js
FN:7,(anonymous_0)
FNF:1
FNH:1
FNDA:5,(anonymous_0)
DA:1,5
DA:2,5
DA:4,5
DA:8,5
DA:12,5
LF:5
LH:5
BRF:0
BRH:0
end_of_record
TN:
SF:api\middleware\autenticado.js
FN:4,(anonymous_0)
FNF:1
FNH:1
FNDA:45,(anonymous_0)
DA:1,5
DA:2,5
DA:4,5
DA:5,45
DA:7,45
DA:8,2
DA:11,43
DA:13,43
DA:14,43
DA:16,41
DA:18,41
DA:19,41
DA:21,41
DA:24,2
LF:14
LH:14
BRDA:7,0,0,2
BRDA:7,0,1,43
BRF:2
BRH:2
end_of_record
TN:
SF:api\middleware\errorMiddleware.js
FN:4,(anonymous_0)
FNF:1
FNH:1
FNDA:21,(anonymous_0)
DA:1,6
DA:4,6
DA:5,21
DA:7,21
DA:14,0
DA:19,6
LF:6
LH:5
BRDA:5,0,0,21
BRDA:5,0,1,0
BRDA:7,1,0,21
BRDA:7,1,1,0
BRDA:9,2,0,21
BRDA:9,2,1,9
BRF:6
BRH:4
end_of_record
TN:
SF:api\middleware\permissoes.js
FN:4,(anonymous_0)
FN:5,(anonymous_1)
FN:24,(anonymous_2)
FN:25,(anonymous_3)
FNF:4
FNH:0
FNDA:0,(anonymous_0)
FNDA:0,(anonymous_1)
FNDA:0,(anonymous_2)
FNDA:0,(anonymous_3)
DA:1,5
DA:2,5
DA:3,5
DA:4,5
DA:5,0
DA:6,0
DA:7,0
DA:8,0
DA:19,0
DA:20,0
DA:23,0
DA:24,0
DA:25,0
DA:27,0
DA:28,0
DA:31,0
DA:33,0
DA:38,5
LF:18
LH:5
BRDA:19,0,0,0
BRDA:19,0,1,0
BRDA:27,1,0,0
BRDA:27,1,1,0
BRF:4
BRH:0
end_of_record
TN:
SF:api\middleware\permissoesRoles.js
FN:5,(anonymous_0)
FN:6,(anonymous_1)
FN:25,(anonymous_2)
FN:48,(anonymous_3)
FN:50,(anonymous_4)
FN:51,(anonymous_5)
FNF:6
FNH:6
FNDA:50,(anonymous_0)
FNDA:29,(anonymous_1)
FNDA:29,(anonymous_2)
FNDA:29,(anonymous_3)
FNDA:110,(anonymous_4)
FNDA:82,(anonymous_5)
DA:1,5
DA:2,5
DA:3,5
DA:4,5
DA:5,5
DA:6,50
DA:7,29
DA:8,29
DA:10,29
DA:21,29
DA:22,0
DA:25,29
DA:27,29
DA:28,0
DA:31,29
DA:46,29
DA:48,29
DA:49,29
DA:50,110
DA:51,82
DA:54,29
DA:55,1
DA:58,28
DA:60,1
DA:65,5
LF:25
LH:23
BRDA:21,0,0,0
BRDA:21,0,1,29
BRDA:27,1,0,0
BRDA:27,1,1,29
BRDA:54,2,0,1
BRDA:54,2,1,28
BRF:6
BRH:4
end_of_record
TN:
SF:api\middleware\roles.js
FN:4,(anonymous_0)
FN:5,(anonymous_1)
FN:23,(anonymous_2)
FN:23,(anonymous_3)
FNF:4
FNH:4
FNDA:30,(anonymous_0)
FNDA:8,(anonymous_1)
FNDA:8,(anonymous_2)
FNDA:8,(anonymous_3)
DA:1,5
DA:2,5
DA:3,5
DA:4,5
DA:5,30
DA:6,8
DA:7,8
DA:8,8
DA:19,8
DA:20,0
DA:23,8
DA:25,8
DA:26,0
DA:29,8
DA:31,0
DA:36,5
LF:16
LH:13
BRDA:19,0,0,0
BRDA:19,0,1,8
BRDA:25,1,0,0
BRDA:25,1,1,8
BRF:4
BRH:2
end_of_record
TN:
SF:api\middleware\validacaoMiddleware.js
FN:4,(anonymous_0)
FN:5,(anonymous_1)
FN:12,(anonymous_2)
FNF:3
FNH:3
FNDA:30,(anonymous_0)
FNDA:21,(anonymous_1)
FNDA:11,(anonymous_2)
DA:2,5
DA:4,5
DA:5,30
DA:6,21
DA:11,21
DA:12,11
DA:17,8
DA:20,13
DA:22,13
DA:26,5
LF:10
LH:10
BRDA:4,0,0,30
BRDA:11,1,0,8
BRDA:11,1,1,13
BRF:3
BRH:3
end_of_record
TN:
SF:api\models\index.js
FN:20,(anonymous_0)
FN:23,(anonymous_1)
FN:28,(anonymous_2)
FNF:3
FNH:3
FNDA:64,(anonymous_0)
FNDA:56,(anonymous_1)
FNDA:56,(anonymous_2)
DA:3,8
DA:4,8
DA:5,8
DA:6,8
DA:7,8
DA:8,8
DA:9,8
DA:10,8
DA:13,8
DA:14,0
DA:16,8
DA:19,8
DA:21,64
DA:24,56
DA:25,56
DA:28,8
DA:29,56
DA:30,56
DA:34,8
DA:35,8
DA:37,8
LF:21
LH:20
BRDA:8,0,0,8
BRDA:8,0,1,0
BRDA:13,1,0,0
BRDA:13,1,1,8
BRDA:21,2,0,64
BRDA:21,2,1,64
BRDA:21,2,2,56
BRDA:29,3,0,56
BRDA:29,3,1,0
BRF:9
BRH:6
end_of_record
TN:
SF:api\models\permissoes.js
FN:3,(anonymous_0)
FN:5,(anonymous_1)
FNF:2
FNH:2
FNDA:8,(anonymous_0)
FNDA:8,(anonymous_1)
DA:2,8
DA:3,8
DA:6,8
DA:12,8
DA:19,8
DA:29,8
LF:6
LH:6
BRF:0
BRH:0
end_of_record
TN:
SF:api\models\produtos.js
FN:3,(anonymous_0)
FN:5,(anonymous_1)
FNF:2
FNH:2
FNDA:8,(anonymous_0)
FNDA:8,(anonymous_1)
DA:2,8
DA:3,8
DA:7,8
DA:18,8
LF:4
LH:4
BRF:0
BRH:0
end_of_record
TN:
SF:api\models\roles.js
FN:3,(anonymous_0)
FN:5,(anonymous_1)
FNF:2
FNH:2
FNDA:8,(anonymous_0)
FNDA:8,(anonymous_1)
DA:2,8
DA:3,8
DA:6,8
DA:12,8
DA:19,8
DA:29,8
LF:6
LH:6
BRF:0
BRH:0
end_of_record
TN:
SF:api\models\roles_permissoes.js
FN:3,(anonymous_0)
FN:10,(anonymous_1)
FNF:2
FNH:2
FNDA:8,(anonymous_0)
FNDA:8,(anonymous_1)
DA:2,8
DA:3,8
DA:14,8
DA:24,8
LF:4
LH:4
BRF:0
BRH:0
end_of_record
TN:
SF:api\models\usuarios.js
FN:3,(anonymous_0)
FN:5,(anonymous_1)
FNF:2
FNH:2
FNDA:8,(anonymous_0)
FNDA:8,(anonymous_1)
DA:2,8
DA:3,8
DA:6,8
DA:12,8
DA:19,8
DA:40,8
LF:6
LH:6
BRF:0
BRH:0
end_of_record
TN:
SF:api\models\usuarios_permissoes.js
FN:3,(anonymous_0)
FN:10,(anonymous_1)
FNF:2
FNH:2
FNDA:8,(anonymous_0)
FNDA:8,(anonymous_1)
DA:2,8
DA:3,8
DA:14,8
DA:24,8
LF:4
LH:4
BRF:0
BRH:0
end_of_record
TN:
SF:api\models\usuarios_roles.js
FN:3,(anonymous_0)
FN:10,(anonymous_1)
FNF:2
FNH:2
FNDA:8,(anonymous_0)
FNDA:8,(anonymous_1)
DA:2,8
DA:3,8
DA:14,8
DA:24,8
LF:4
LH:4
BRF:0
BRH:0
end_of_record
TN:
SF:api\routes\authRoute.js
FN:8,(anonymous_0)
FNF:1
FNH:1
FNDA:9,(anonymous_0)
DA:1,5
DA:2,5
DA:4,5
DA:6,5
DA:8,9
DA:10,5
LF:6
LH:6
BRF:0
BRH:0
end_of_record
TN:
SF:api\routes\index.js
FN:9,(anonymous_0)
FNF:1
FNH:1
FNDA:5,(anonymous_0)
DA:1,5
DA:3,5
DA:4,5
DA:5,5
DA:6,5
DA:7,5
DA:8,5
DA:9,5
DA:10,5
LF:9
LH:9
BRF:0
BRH:0
end_of_record
TN:
SF:api\routes\permissaoRoute.js
FNF:0
FNH:0
DA:1,5
DA:2,5
DA:3,5
DA:4,5
DA:5,5
DA:6,5
DA:7,5
DA:9,5
DA:11,5
DA:19,5
DA:21,5
DA:23,5
DA:25,5
DA:32,5
LF:14
LH:14
BRF:0
BRH:0
end_of_record
TN:
SF:api\routes\produtoRoute.js
FNF:0
FNH:0
DA:1,5
DA:2,5
DA:3,5
DA:4,5
DA:5,5
DA:6,5
DA:7,5
DA:8,5
DA:9,5
DA:11,5
DA:13,5
DA:21,5
DA:23,5
DA:25,5
DA:32,5
DA:40,5
LF:16
LH:16
BRF:0
BRH:0
end_of_record
TN:
SF:api\routes\roleRoute.js
FNF:0
FNH:0
DA:1,5
DA:2,5
DA:3,5
DA:4,5
DA:5,5
DA:6,5
DA:8,5
DA:10,5
DA:12,5
DA:19,5
DA:20,5
DA:21,5
DA:22,5
DA:24,5
LF:14
LH:14
BRF:0
BRH:0
end_of_record
TN:
SF:api\routes\seguranca.js
FN:8,(anonymous_0)
FN:9,(anonymous_1)
FNF:2
FNH:0
FNDA:0,(anonymous_0)
FNDA:0,(anonymous_1)
DA:1,5
DA:2,5
DA:3,5
DA:5,5
DA:6,5
DA:8,5
DA:9,5
DA:10,0
DA:13,5
LF:9
LH:8
BRF:0
BRH:0
end_of_record
TN:
SF:api\routes\usuariosRoute.js
FNF:0
FNH:0
DA:1,5
DA:2,5
DA:3,5
DA:4,5
DA:5,5
DA:6,5
DA:8,5
DA:9,5
DA:11,5
DA:18,5
DA:20,5
DA:22,5
DA:30,5
DA:37,5
LF:14
LH:14
BRF:0
BRH:0
end_of_record
TN:
SF:api\services\Services.js
FN:6,(anonymous_0)
FN:11,(anonymous_1)
FN:22,(anonymous_2)
FN:35,(anonymous_3)
FN:48,(anonymous_4)
FN:67,(anonymous_5)
FN:80,(anonymous_6)
FN:90,(anonymous_7)
FN:106,(anonymous_8)
FNF:9
FNH:7
FNDA:26,(anonymous_0)
FNDA:10,(anonymous_1)
FNDA:0,(anonymous_2)
FNDA:6,(anonymous_3)
FNDA:20,(anonymous_4)
FNDA:0,(anonymous_5)
FNDA:7,(anonymous_6)
FNDA:3,(anonymous_7)
FNDA:6,(anonymous_8)
DA:1,8
DA:2,8
DA:3,8
DA:7,26
DA:12,10
DA:13,10
DA:15,10
DA:17,0
DA:23,0
DA:24,0
DA:25,0
DA:26,0
DA:28,0
DA:30,0
DA:36,6
DA:37,6
DA:38,6
DA:39,0
DA:41,6
DA:43,0
DA:49,20
DA:50,20
DA:52,20
DA:54,20
DA:55,8
DA:58,20
DA:60,20
DA:62,0
DA:68,0
DA:69,0
DA:70,0
DA:71,0
DA:73,0
DA:75,0
DA:81,7
DA:82,7
DA:83,6
DA:85,1
DA:91,3
DA:92,3
DA:96,3
DA:97,0
DA:99,3
DA:101,0
DA:107,6
DA:108,6
DA:109,6
DA:110,0
DA:113,6
DA:114,4
DA:116,0
DA:121,8
LF:52
LH:32
BRDA:11,0,0,8
BRDA:11,1,0,8
BRDA:25,2,0,0
BRDA:25,2,1,0
BRDA:25,3,0,0
BRDA:25,3,1,0
BRDA:38,4,0,0
BRDA:38,4,1,6
BRDA:48,5,0,12
BRDA:54,6,0,8
BRDA:54,6,1,12
BRDA:70,7,0,0
BRDA:70,7,1,0
BRDA:96,8,0,0
BRDA:96,8,1,3
BRDA:109,9,0,0
BRDA:109,9,1,6
BRF:17
BRH:8
end_of_record
TN:
SF:api\services\authService.js
FN:7,(anonymous_0)
FN:10,(anonymous_1)
FN:41,(anonymous_2)
FNF:3
FNH:3
FNDA:5,(anonymous_0)
FNDA:9,(anonymous_1)
FNDA:2,(anonymous_2)
DA:2,5
DA:3,5
DA:4,5
DA:5,5
DA:8,5
DA:11,9
DA:12,1
DA:14,8
DA:15,8
DA:17,8
DA:18,1
DA:21,7
DA:23,7
DA:24,1
DA:26,6
DA:35,6
DA:37,2
DA:42,2
DA:46,5
LF:19
LH:19
BRDA:11,0,0,1
BRDA:11,0,1,8
BRDA:17,1,0,1
BRDA:17,1,1,7
BRDA:23,2,0,1
BRDA:23,2,1,6
BRF:6
BRH:6
end_of_record
TN:
SF:api\services\permissaoService.js
FN:6,(anonymous_0)
FN:9,(anonymous_1)
FN:30,(anonymous_2)
FN:39,(anonymous_3)
FN:49,(anonymous_4)
FN:61,(anonymous_5)
FNF:6
FNH:5
FNDA:5,(anonymous_0)
FNDA:2,(anonymous_1)
FNDA:2,(anonymous_2)
FNDA:1,(anonymous_3)
FNDA:0,(anonymous_4)
FNDA:1,(anonymous_5)
DA:2,5
DA:3,5
DA:4,5
DA:7,5
DA:10,2
DA:12,2
DA:14,2
DA:15,1
DA:18,1
DA:24,1
DA:26,1
DA:31,2
DA:32,2
DA:33,2
DA:35,0
DA:40,1
DA:41,1
DA:43,1
DA:45,0
DA:50,0
DA:51,0
DA:53,0
DA:55,0
DA:57,0
DA:62,1
DA:63,1
DA:65,1
DA:67,0
DA:72,5
LF:29
LH:21
BRDA:14,0,0,1
BRDA:14,0,1,1
BRDA:65,1,0,1
BRDA:65,1,1,0
BRF:4
BRH:3
end_of_record
TN:
SF:api\services\produtoService.js
FN:7,(anonymous_0)
FN:12,(anonymous_1)
FN:34,(anonymous_2)
FN:44,(anonymous_3)
FN:54,(anonymous_4)
FN:66,(anonymous_5)
FNF:6
FNH:6
FNDA:6,(anonymous_0)
FNDA:4,(anonymous_1)
FNDA:4,(anonymous_2)
FNDA:1,(anonymous_3)
FNDA:2,(anonymous_4)
FNDA:2,(anonymous_5)
DA:2,7
DA:3,7
DA:4,7
DA:8,6
DA:13,4
DA:15,4
DA:18,4
DA:19,2
DA:21,2
DA:28,2
DA:30,2
DA:35,4
DA:36,4
DA:38,4
DA:40,0
DA:45,1
DA:46,1
DA:48,1
DA:50,0
DA:55,2
DA:57,2
DA:60,2
DA:62,0
DA:67,2
DA:69,2
DA:72,2
DA:73,0
DA:76,2
DA:78,2
DA:80,2
DA:82,2
DA:84,0
DA:89,7
LF:33
LH:28
BRDA:18,0,0,2
BRDA:18,0,1,2
BRDA:60,1,0,2
BRDA:60,1,1,0
BRDA:72,2,0,0
BRDA:72,2,1,2
BRF:6
BRH:4
end_of_record
TN:
SF:api\services\roleService.js
FN:7,(anonymous_0)
FN:11,(anonymous_1)
FN:32,(anonymous_2)
FN:41,(anonymous_3)
FN:51,(anonymous_4)
FN:63,(anonymous_5)
FNF:6
FNH:5
FNDA:5,(anonymous_0)
FNDA:2,(anonymous_1)
FNDA:2,(anonymous_2)
FNDA:1,(anonymous_3)
FNDA:0,(anonymous_4)
FNDA:1,(anonymous_5)
DA:2,5
DA:3,5
DA:4,5
DA:8,5
DA:12,2
DA:14,2
DA:16,2
DA:17,1
DA:20,1
DA:26,1
DA:28,1
DA:33,2
DA:34,2
DA:35,2
DA:37,0
DA:42,1
DA:43,1
DA:45,1
DA:47,0
DA:52,0
DA:53,0
DA:55,0
DA:57,0
DA:59,0
DA:64,1
DA:65,1
DA:67,1
DA:69,0
DA:74,5
LF:29
LH:21
BRDA:16,0,0,1
BRDA:16,0,1,1
BRDA:67,1,0,1
BRDA:67,1,1,0
BRF:4
BRH:3
end_of_record
TN:
SF:api\services\segurancaService.js
FN:9,(anonymous_0)
FN:18,(anonymous_1)
FN:25,(anonymous_2)
FN:58,(anonymous_3)
FNF:4
FNH:0
FNDA:0,(anonymous_0)
FNDA:0,(anonymous_1)
FNDA:0,(anonymous_2)
FNDA:0,(anonymous_3)
DA:1,5
DA:2,5
DA:3,5
DA:4,5
DA:5,5
DA:10,0
DA:12,0
DA:19,0
DA:21,0
DA:26,0
DA:27,0
DA:29,0
DA:31,0
DA:32,0
DA:35,0
DA:44,0
DA:47,0
DA:48,0
DA:49,0
DA:52,0
DA:54,0
DA:59,0
DA:60,0
DA:62,0
DA:64,0
DA:65,0
DA:68,0
DA:76,0
DA:79,0
DA:81,0
DA:86,5
LF:31
LH:6
BRDA:9,0,0,0
BRDA:18,1,0,0
BRDA:31,2,0,0
BRDA:31,2,1,0
BRDA:64,3,0,0
BRDA:64,3,1,0
BRF:6
BRH:0
end_of_record
TN:
SF:api\services\usuarioService.js
FN:9,(anonymous_0)
FN:12,(anonymous_1)
FN:37,(anonymous_2)
FN:47,(anonymous_3)
FN:57,(anonymous_4)
FN:69,(anonymous_5)
FNF:6
FNH:5
FNDA:5,(anonymous_0)
FNDA:3,(anonymous_1)
FNDA:2,(anonymous_2)
FNDA:0,(anonymous_3)
FNDA:1,(anonymous_4)
FNDA:2,(anonymous_5)
DA:2,5
DA:3,5
DA:4,5
DA:5,5
DA:6,5
DA:10,5
DA:13,3
DA:15,3
DA:17,3
DA:18,1
DA:21,2
DA:24,2
DA:31,2
DA:33,1
DA:38,2
DA:39,2
DA:40,2
DA:41,2
DA:43,0
DA:48,0
DA:49,0
DA:51,0
DA:53,0
DA:58,1
DA:59,1
DA:61,1
DA:63,1
DA:65,0
DA:70,2
DA:71,2
DA:73,2
DA:75,0
DA:80,5
LF:33
LH:26
BRDA:17,0,0,1
BRDA:17,0,1,2
BRDA:73,1,0,2
BRDA:73,1,1,0
BRF:4
BRH:3
end_of_record
TN:
SF:api\utils\errorBadRequest.js
FN:3,(anonymous_0)
FNF:1
FNH:1
FNDA:6,(anonymous_0)
DA:1,8
DA:3,8
DA:4,6
DA:7,8
LF:4
LH:4
BRDA:3,0,0,0
BRF:1
BRH:0
end_of_record
TN:
SF:api\utils\errorHandler.js
FN:4,(anonymous_0)
FN:10,(anonymous_1)
FN:19,(anonymous_2)
FNF:3
FNH:2
FNDA:5,(anonymous_0)
FNDA:2,(anonymous_1)
FNDA:0,(anonymous_2)
DA:1,9
DA:2,9
DA:4,9
DA:6,5
DA:7,2
DA:10,2
DA:15,3
DA:16,0
DA:19,0
DA:24,3
DA:25,0
DA:29,3
DA:32,9
LF:13
LH:10
BRDA:6,0,0,2
BRDA:6,0,1,3
BRDA:15,1,0,0
BRDA:15,1,1,3
BRDA:24,2,0,0
BRDA:24,2,1,3
BRDA:25,3,0,0
BRDA:25,3,1,0
BRDA:29,4,0,3
BRDA:29,4,1,0
BRF:10
BRH:5
end_of_record
TN:
SF:api\utils\generateIncludeOptions.js
FN:4,(anonymous_0)
FN:19,(anonymous_1)
FNF:2
FNH:1
FNDA:2,(anonymous_0)
FNDA:0,(anonymous_1)
DA:1,5
DA:2,5
DA:4,5
DA:19,5
DA:28,5
LF:5
LH:5
BRDA:4,0,0,0
BRDA:9,1,0,2
BRDA:9,1,1,2
BRDA:15,2,0,2
BRDA:15,2,1,2
BRDA:19,3,0,0
BRDA:24,4,0,0
BRDA:24,4,1,0
BRF:8
BRH:4
end_of_record
TN:
SF:api\validacoes\index.js
FNF:0
FNH:0
DA:1,5
DA:2,5
DA:3,5
DA:4,5
DA:6,5
LF:5
LH:5
BRF:0
BRH:0
end_of_record
TN:
SF:api\validacoes\permissaoValidacao.js
FNF:0
FNH:0
DA:1,5
DA:3,5
DA:15,5
LF:3
LH:3
BRF:0
BRH:0
end_of_record
TN:
SF:api\validacoes\produtoValidacao.js
FNF:0
FNH:0
DA:2,5
DA:4,5
DA:26,5
DA:34,5
LF:4
LH:4
BRF:0
BRH:0
end_of_record
TN:
SF:api\validacoes\roleValidacao.js
FNF:0
FNH:0
DA:1,5
DA:3,5
DA:15,5
LF:3
LH:3
BRF:0
BRH:0
end_of_record
TN:
SF:api\validacoes\usuarioValidacao.js
FNF:0
FNH:0
DA:1,5
DA:3,5
DA:23,5
DA:40,5
LF:4
LH:4
BRF:0
BRH:0
end_of_record
